yk-tracing: start-tracing
yk-tracing: stop-tracing
yk-tracing: start-side-tracing
yk-tracing: stop-tracing
yk-tracing: start-side-tracing
yk-tracing: stop-tracing
yk-tracing: start-side-tracing
yk-tracing: stop-tracing
yk-tracing: start-tracing
yk-tracing: stop-tracing
yk-tracing: start-tracing
yk-tracing: stop-tracing
yk-tracing: start-side-tracing
yk-tracing: stop-tracing
yk-tracing: start-side-tracing
yk-tracing: stop-tracing
yk-tracing: start-side-tracing
yk-tracing: stop-tracing
yk-tracing: start-side-tracing
yk-tracing: stop-tracing
yk-tracing: start-side-tracing
yk-tracing: stop-tracing
yk-tracing: start-side-tracing
yk-tracing: stop-tracing
yk-tracing: start-side-tracing
yk-tracing: stop-tracing
yk-tracing: start-side-tracing
yk-tracing: stop-tracing
yk-tracing: start-side-tracing
yk-tracing: stop-tracing
yk-tracing: start-side-tracing
yk-tracing: stop-tracing
yk-tracing: start-side-tracing
yk-tracing: stop-tracing: Bounce.som:35:JUMP_IF_GREATER 
yk-tracing: start-tracing: Bounce.som:35:JUMP_IF_GREATER 
yk-tracing: stop-tracing
yk-tracing: start-side-tracing
yk-tracing: stop-tracing
yk-tracing: start-side-tracing
yk-tracing: stop-tracing: Bounce.som:35:JUMP_IF_GREATER 
yk-tracing: start-side-tracing
yk-tracing: stop-tracing
yk-tracing: start-side-tracing
yk-tracing: stop-tracing
yk-tracing: start-side-tracing
yk-tracing: stop-tracing
yk-tracing: start-side-tracing
yk-tracing: stop-tracing
yk-tracing: start-side-tracing
yk-tracing: stop-tracing: Bounce.som:35:JUMP_IF_GREATER 
yk-tracing: start-side-tracing
yk-tracing: stop-tracing: Bounce.som:35:JUMP_IF_GREATER 
yk-tracing: start-side-tracing
yk-tracing: stop-tracing
yk-tracing: start-side-tracing
yk-tracing: stop-tracing
yk-tracing: start-side-tracing
yk-tracing: stop-tracing: Bounce.som:35:JUMP_IF_GREATER 
yk-tracing: start-side-tracing
yk-warning: stop-tracing-aborted: Trace too long
yk-tracing: start-side-tracing
yk-tracing: stop-tracing: Bounce.som:35:JUMP_IF_GREATER 
yk-tracing: start-side-tracing: Bounce.som:35:JUMP_IF_GREATER 
yk-tracing: stop-tracing
yk-tracing: start-tracing
yk-tracing: stop-tracing
yk-tracing: start-side-tracing
yk-warning: stop-tracing-aborted: Trace too long
yk-tracing: start-side-tracing
yk-warning: stop-tracing-aborted: Trace too long
yk-tracing: start-side-tracing
yk-warning: stop-tracing-aborted: Trace too long
yk-tracing: start-side-tracing
yk-warning: stop-tracing-aborted: Trace too long
yk-tracing: start-side-tracing
yk-warning: stop-tracing-aborted: Trace too long
yk-tracing: start-side-tracing
yk-tracing: stop-tracing
yk-tracing: start-side-tracing
yk-warning: stop-tracing-aborted: Trace too long
yk-tracing: start-side-tracing
yk-warning: stop-tracing-aborted: Trace too long
yk-tracing: start-side-tracing
yk-warning: stop-tracing-aborted: Trace too long
yk-tracing: start-side-tracing
yk-warning: stop-tracing-aborted: Trace too long
yk-tracing: start-side-tracing
yk-tracing: stop-tracing
yk-tracing: start-side-tracing
yk-warning: stop-tracing-aborted: Trace too long
yk-tracing: start-side-tracing
yk-warning: stop-tracing-aborted: Trace too long
yk-tracing: start-side-tracing
yk-warning: stop-tracing-aborted: Trace too long
yk-tracing: start-side-tracing
yk-tracing: stop-tracing
yk-tracing: start-side-tracing
yk-warning: stop-tracing-aborted: Trace too long
yk-tracing: start-side-tracing
yk-warning: stop-tracing-aborted: Trace too long
yk-tracing: start-side-tracing
yk-warning: stop-tracing-aborted: Trace too long
yk-tracing: start-side-tracing
yk-warning: stop-tracing-aborted: Trace too long
yk-tracing: start-side-tracing
yk-tracing: stop-tracing
yk-tracing: start-side-tracing
yk-warning: stop-tracing-aborted: Trace too long
yk-tracing: start-side-tracing
yk-warning: stop-tracing-aborted: Trace too long
yk-tracing: start-side-tracing
yk-warning: stop-tracing-aborted: Trace too long
yk-tracing: start-side-tracing
yk-warning: stop-tracing-aborted: Trace too long
yk-tracing: start-side-tracing
yk-warning: stop-tracing-aborted: Trace too long
yk-tracing: start-side-tracing
yk-warning: stop-tracing-aborted: Trace too long
yk-tracing: start-side-tracing
yk-warning: stop-tracing-aborted: Trace too long
yk-tracing: start-side-tracing
yk-warning: stop-tracing-aborted: Trace too long
yk-tracing: start-side-tracing
yk-warning: stop-tracing-aborted: Trace too long
yk-tracing: start-side-tracing
yk-warning: stop-tracing-aborted: Trace too long
yk-tracing: start-side-tracing
yk-warning: stop-tracing-aborted: Trace too long
yk-tracing: start-side-tracing
yk-tracing: stop-tracing
yk-tracing: start-side-tracing
yk-warning: stop-tracing-aborted: Trace too long
yk-tracing: start-side-tracing
yk-warning: stop-tracing-aborted: Trace too long
yk-tracing: start-side-tracing
yk-warning: stop-tracing-aborted: Trace too long
yk-tracing: start-side-tracing
yk-warning: stop-tracing-aborted: Trace too long
yk-tracing: start-side-tracing
yk-warning: stop-tracing-aborted: Trace too long
yk-tracing: start-side-tracing
yk-warning: stop-tracing-aborted: Trace too long
yk-tracing: start-side-tracing
yk-warning: stop-tracing-aborted: Trace too long
yk-tracing: start-side-tracing
yk-warning: stop-tracing-aborted: Trace too long
yk-tracing: start-side-tracing
yk-warning: stop-tracing-aborted: Trace too long
yk-tracing: start-side-tracing
yk-warning: stop-tracing-aborted: Trace too long
yk-tracing: start-side-tracing
yk-warning: stop-tracing-aborted: Trace too long
yk-tracing: start-side-tracing
yk-warning: stop-tracing-aborted: Trace too long
yk-tracing: start-side-tracing
yk-warning: stop-tracing-aborted: Trace too long
yk-tracing: start-side-tracing
yk-warning: stop-tracing-aborted: Trace too long
yk-tracing: start-side-tracing
yk-warning: stop-tracing-aborted: Trace too long
yk-tracing: start-side-tracing
yk-warning: stop-tracing-aborted: Trace too long
yk-tracing: start-side-tracing
yk-warning: stop-tracing-aborted: Trace too long
yk-tracing: start-side-tracing
yk-warning: stop-tracing-aborted: Trace too long
yk-tracing: start-side-tracing
yk-warning: stop-tracing-aborted: Trace too long
yk-tracing: start-side-tracing
yk-warning: stop-tracing-aborted: Trace too long
yk-tracing: start-side-tracing
yk-warning: stop-tracing-aborted: Trace too long
yk-tracing: start-tracing
yk-tracing: stop-tracing
yk-tracing: start-side-tracing
yk-warning: stop-tracing-aborted: Trace too long
yk-tracing: start-side-tracing
yk-warning: stop-tracing-aborted: Trace too long
yk-tracing: start-side-tracing
yk-warning: stop-tracing-aborted: Trace too long
yk-tracing: start-side-tracing
yk-warning: stop-tracing-aborted: Trace too long
yk-tracing: start-side-tracing
yk-warning: stop-tracing-aborted: Trace too long
yk-tracing: start-side-tracing
yk-warning: stop-tracing-aborted: Trace too long
yk-tracing: start-side-tracing
yk-warning: stop-tracing-aborted: Trace too long
yk-tracing: start-side-tracing
yk-warning: stop-tracing-aborted: Trace too long
yk-tracing: start-side-tracing
yk-warning: stop-tracing-aborted: Trace too long
yk-tracing: start-side-tracing
yk-warning: stop-tracing-aborted: Trace too long
yk-tracing: start-side-tracing
yk-warning: stop-tracing-aborted: Trace too long
yk-tracing: start-side-tracing
yk-warning: stop-tracing-aborted: Trace too long
yk-tracing: start-side-tracing
yk-warning: stop-tracing-aborted: Trace too long
yk-tracing: start-side-tracing
yk-warning: stop-tracing-aborted: Trace too long
yk-tracing: start-side-tracing
yk-warning: stop-tracing-aborted: Trace too long
yk-tracing: start-side-tracing
yk-warning: stop-tracing-aborted: Trace too long
yk-tracing: start-side-tracing
yk-warning: stop-tracing-aborted: Trace too long
yk-tracing: start-side-tracing
yk-warning: stop-tracing-aborted: Trace too long
yk-tracing: start-side-tracing
yk-warning: stop-tracing-aborted: Trace too long
yk-tracing: start-side-tracing
yk-warning: stop-tracing-aborted: Trace too long
yk-tracing: start-side-tracing
yk-warning: stop-tracing-aborted: Trace too long
yk-tracing: start-side-tracing
yk-warning: stop-tracing-aborted: Trace too long
yk-tracing: start-side-tracing
yk-warning: stop-tracing-aborted: Trace too long
yk-tracing: start-side-tracing
yk-warning: stop-tracing-aborted: Trace too long
yk-tracing: start-side-tracing
yk-warning: stop-tracing-aborted: Trace too long
yk-tracing: start-side-tracing
yk-warning: stop-tracing-aborted: Trace too long
yk-tracing: start-side-tracing
yk-warning: stop-tracing-aborted: Trace too long
yk-tracing: start-side-tracing
yk-warning: stop-tracing-aborted: Trace too long
yk-tracing: start-side-tracing
yk-warning: stop-tracing-aborted: Trace too long
yk-tracing: start-side-tracing
yk-warning: stop-tracing-aborted: Trace too long
yk-tracing: start-side-tracing
yk-warning: stop-tracing-aborted: Trace too long
yk-tracing: start-side-tracing
yk-warning: stop-tracing-aborted: Trace too long
yk-tracing: start-side-tracing
yk-warning: stop-tracing-aborted: Trace too long
yk-tracing: start-side-tracing
yk-warning: stop-tracing-aborted: Trace too long
yk-tracing: start-side-tracing
yk-warning: stop-tracing-aborted: Trace too long
yk-tracing: start-side-tracing
yk-warning: stop-tracing-aborted: Trace too long
yk-tracing: start-side-tracing
yk-warning: stop-tracing-aborted: Trace too long
yk-tracing: start-side-tracing
yk-warning: stop-tracing-aborted: Trace too long
yk-tracing: start-side-tracing
yk-warning: stop-tracing-aborted: Trace too long
yk-tracing: start-side-tracing
yk-warning: stop-tracing-aborted: Trace too long
yk-tracing: start-side-tracing
yk-warning: stop-tracing-aborted: Trace too long
