yk-tracing: start-tracing
yk-tracing: stop-tracing
yk-tracing: start-tracing
yk-tracing: stop-tracing
yk-tracing: start-side-tracing
yk-tracing: stop-tracing
yk-tracing: start-tracing
yk-warning: tracing-aborted: unrolled inner loop
yk-tracing: start-tracing
yk-warning: tracing-aborted: unrolled inner loop
yk-tracing: start-tracing
yk-warning: tracing-aborted: unrolled inner loop: Vector.som:70:JUMP_IF_GREATER 
yk-tracing: start-tracing: Vector.som:70:JUMP_IF_GREATER 
yk-warning: tracing-aborted: unrolled inner loop
yk-tracing: start-tracing
yk-tracing: stop-tracing
yk-tracing: start-tracing
yk-warning: tracing-aborted: unrolled inner loop
yk-tracing: start-tracing
yk-warning: tracing-aborted: unrolled inner loop
yk-tracing: start-tracing
yk-warning: tracing-aborted: unrolled inner loop: Vector.som:70:JUMP_IF_GREATER 
yk-tracing: start-tracing: Vector.som:70:JUMP_IF_GREATER 
yk-tracing: stop-tracing
yk-tracing: start-tracing
yk-tracing: stop-tracing
yk-tracing: start-tracing
yk-tracing: stop-tracing
yk-tracing: start-tracing
yk-tracing: stop-tracing
yk-tracing: start-side-tracing
yk-tracing: stop-tracing
yk-tracing: start-tracing
yk-tracing: stop-tracing
yk-tracing: start-side-tracing
yk-tracing: stop-tracing: Planner.som:151:PUSH_LOCAL_0    
yk-tracing: start-tracing: Planner.som:151:PUSH_LOCAL_0    
yk-tracing: stop-tracing
yk-tracing: start-side-tracing: Vector.som:70:JUMP_IF_GREATER 
yk-tracing: stop-tracing
yk-tracing: start-tracing
yk-tracing: stop-tracing: Vector.som:70:JUMP_IF_GREATER 
yk-tracing: start-side-tracing
yk-tracing: stop-tracing
yk-tracing: start-side-tracing
yk-tracing: stop-tracing
yk-tracing: start-side-tracing
yk-tracing: stop-tracing
yk-tracing: start-tracing
yk-tracing: stop-tracing: Vector.som:70:JUMP_IF_GREATER 
yk-tracing: start-side-tracing
yk-tracing: stop-tracing
yk-tracing: start-side-tracing
yk-tracing: stop-tracing
yk-tracing: start-side-tracing
yk-tracing: stop-tracing
yk-tracing: start-tracing
yk-tracing: stop-tracing: Vector.som:70:JUMP_IF_GREATER 
yk-tracing: start-side-tracing: Vector.som:70:JUMP_IF_GREATER 
yk-tracing: stop-tracing: Planner.som:44:PUSH_LOCAL_1    
yk-tracing: start-tracing: Planner.som:44:PUSH_LOCAL_1    
yk-tracing: stop-tracing
yk-tracing: start-side-tracing
yk-tracing: stop-tracing
yk-tracing: start-tracing
yk-tracing: stop-tracing
yk-tracing: start-side-tracing
yk-tracing: stop-tracing
yk-tracing: start-tracing
yk-tracing: stop-tracing
yk-tracing: start-side-tracing
yk-tracing: stop-tracing
yk-tracing: start-tracing
yk-tracing: stop-tracing
yk-tracing: start-side-tracing
yk-tracing: stop-tracing
yk-tracing: start-tracing
yk-tracing: stop-tracing
yk-tracing: start-side-tracing
yk-tracing: stop-tracing
yk-tracing: start-side-tracing: Planner.som:44:PUSH_LOCAL_1    
yk-tracing: stop-tracing
yk-tracing: start-tracing
yk-tracing: stop-tracing
yk-tracing: start-side-tracing
yk-tracing: stop-tracing
yk-tracing: start-side-tracing
yk-tracing: stop-tracing
yk-tracing: start-side-tracing
yk-tracing: stop-tracing: Vector.som:70:JUMP_IF_GREATER 
yk-tracing: start-side-tracing
yk-tracing: stop-tracing
yk-tracing: start-tracing
yk-tracing: stop-tracing
yk-tracing: start-side-tracing
yk-tracing: stop-tracing
yk-tracing: start-side-tracing
yk-tracing: stop-tracing
yk-tracing: start-side-tracing
yk-tracing: stop-tracing
yk-tracing: start-side-tracing: Vector.som:70:JUMP_IF_GREATER 
yk-tracing: stop-tracing
yk-tracing: start-side-tracing
yk-tracing: stop-tracing
yk-tracing: start-tracing
yk-tracing: stop-tracing
yk-tracing: start-side-tracing
yk-tracing: stop-tracing
yk-tracing: start-tracing
yk-tracing: stop-tracing
yk-tracing: start-side-tracing
yk-tracing: stop-tracing
yk-tracing: start-side-tracing
yk-tracing: stop-tracing
yk-tracing: start-side-tracing
yk-tracing: stop-tracing
yk-tracing: start-tracing
yk-tracing: stop-tracing: Vector.som:70:JUMP_IF_GREATER 
yk-tracing: start-side-tracing: Vector.som:70:JUMP_IF_GREATER 
yk-tracing: stop-tracing: Planner.som:238:JUMP_IF_GREATER 
yk-tracing: start-tracing: Planner.som:238:JUMP_IF_GREATER 
yk-tracing: stop-tracing: Vector.som:70:JUMP_IF_GREATER 
yk-tracing: start-side-tracing
yk-tracing: stop-tracing: Vector.som:70:JUMP_IF_GREATER 
yk-tracing: start-side-tracing
yk-warning: stop-tracing-aborted: Trace too long
yk-tracing: start-side-tracing
yk-warning: stop-tracing-aborted: Trace too long
yk-tracing: start-side-tracing
yk-warning: stop-tracing-aborted: Trace too long
yk-tracing: start-side-tracing
yk-warning: stop-tracing-aborted: Trace too long
yk-tracing: start-side-tracing
yk-tracing: stop-tracing: Vector.som:70:JUMP_IF_GREATER 
yk-tracing: start-side-tracing: Vector.som:70:JUMP_IF_GREATER 
yk-tracing: stop-tracing
yk-tracing: start-tracing
yk-tracing: stop-tracing: Vector.som:70:JUMP_IF_GREATER 
yk-tracing: start-side-tracing
yk-tracing: stop-tracing
yk-tracing: start-side-tracing
yk-tracing: stop-tracing
yk-tracing: start-tracing
yk-tracing: stop-tracing: Vector.som:70:JUMP_IF_GREATER 
yk-tracing: start-side-tracing
yk-tracing: stop-tracing
yk-tracing: start-tracing
yk-tracing: stop-tracing
yk-tracing: start-side-tracing
yk-tracing: stop-tracing
yk-tracing: start-side-tracing: Vector.som:70:JUMP_IF_GREATER 
yk-tracing: stop-tracing
yk-tracing: start-side-tracing
yk-tracing: stop-tracing
yk-tracing: start-side-tracing
yk-tracing: stop-tracing: Vector.som:70:JUMP_IF_GREATER 
yk-tracing: start-side-tracing
yk-tracing: stop-tracing: Vector.som:70:JUMP_IF_GREATER 
yk-tracing: start-tracing
yk-tracing: stop-tracing
yk-tracing: start-side-tracing
yk-tracing: stop-tracing
yk-tracing: start-side-tracing
yk-tracing: stop-tracing
yk-tracing: start-tracing
yk-tracing: stop-tracing
yk-tracing: start-side-tracing
yk-tracing: stop-tracing
yk-tracing: start-tracing
yk-tracing: stop-tracing
yk-tracing: start-side-tracing
yk-tracing: stop-tracing
yk-tracing: start-side-tracing
yk-tracing: stop-tracing
yk-tracing: start-tracing
yk-tracing: stop-tracing
yk-tracing: start-side-tracing
yk-tracing: stop-tracing
yk-tracing: start-side-tracing: Vector.som:70:JUMP_IF_GREATER 
yk-tracing: stop-tracing
yk-tracing: start-tracing
yk-tracing: stop-tracing
yk-tracing: start-side-tracing
yk-tracing: stop-tracing
yk-tracing: start-tracing
yk-tracing: stop-tracing
yk-tracing: start-side-tracing: Vector.som:70:JUMP_IF_GREATER 
yk-tracing: stop-tracing
yk-tracing: start-tracing
yk-tracing: stop-tracing
yk-tracing: start-tracing
yk-tracing: stop-tracing
yk-tracing: start-side-tracing
yk-tracing: stop-tracing
yk-tracing: start-tracing
yk-tracing: stop-tracing
yk-tracing: start-side-tracing
yk-tracing: stop-tracing
yk-tracing: start-side-tracing
yk-tracing: stop-tracing
yk-tracing: start-side-tracing
yk-tracing: stop-tracing
yk-tracing: start-side-tracing
yk-tracing: stop-tracing
yk-tracing: start-side-tracing
yk-tracing: stop-tracing
yk-tracing: start-tracing
yk-tracing: stop-tracing
yk-tracing: start-side-tracing
yk-tracing: stop-tracing
yk-tracing: start-side-tracing
yk-tracing: stop-tracing
yk-tracing: start-side-tracing: Vector.som:70:JUMP_IF_GREATER 
yk-warning: stop-tracing-aborted: Trace too long
yk-tracing: start-side-tracing
yk-tracing: stop-tracing: Vector.som:70:JUMP_IF_GREATER 
yk-tracing: start-side-tracing
yk-tracing: stop-tracing: Vector.som:70:JUMP_IF_GREATER 
yk-tracing: start-side-tracing: Vector.som:70:JUMP_IF_GREATER 
yk-tracing: stop-tracing
yk-tracing: start-tracing
yk-tracing: stop-tracing
yk-tracing: start-side-tracing
yk-tracing: stop-tracing: Vector.som:70:JUMP_IF_GREATER 
yk-tracing: start-side-tracing
yk-tracing: stop-tracing
yk-tracing: start-tracing
yk-tracing: stop-tracing
yk-tracing: start-side-tracing: Vector.som:70:JUMP_IF_GREATER 
yk-tracing: stop-tracing
yk-tracing: start-tracing
yk-tracing: stop-tracing
yk-tracing: start-side-tracing: Planner.som:44:PUSH_LOCAL_1    
yk-tracing: stop-tracing
yk-tracing: start-tracing
yk-tracing: stop-tracing
yk-tracing: start-side-tracing
yk-tracing: stop-tracing
yk-tracing: start-tracing
yk-tracing: stop-tracing
yk-tracing: start-side-tracing
yk-tracing: stop-tracing: Vector.som:70:JUMP_IF_GREATER 
yk-tracing: start-side-tracing
yk-tracing: stop-tracing: Vector.som:70:JUMP_IF_GREATER 
yk-tracing: start-side-tracing
yk-tracing: stop-tracing
yk-tracing: start-side-tracing: Vector.som:70:JUMP_IF_GREATER 
yk-tracing: stop-tracing
yk-tracing: start-tracing
yk-tracing: stop-tracing
yk-tracing: start-side-tracing
yk-tracing: stop-tracing: Vector.som:70:JUMP_IF_GREATER 
yk-tracing: start-side-tracing: Vector.som:70:JUMP_IF_GREATER 
yk-tracing: stop-tracing
yk-tracing: start-side-tracing
yk-tracing: stop-tracing
yk-tracing: start-side-tracing
yk-tracing: stop-tracing
yk-tracing: start-side-tracing
yk-tracing: stop-tracing
yk-tracing: start-side-tracing
yk-tracing: stop-tracing
yk-tracing: start-tracing: Planner.som:270:JUMP_IF_GREATER 
yk-tracing: stop-tracing: Planner.som:270:JUMP_IF_GREATER 
yk-tracing: start-tracing
yk-tracing: stop-tracing: Planner.som:270:JUMP_IF_GREATER 
yk-tracing: start-side-tracing
yk-tracing: stop-tracing
yk-tracing: start-side-tracing: Vector.som:70:JUMP_IF_GREATER 
yk-tracing: stop-tracing
yk-tracing: start-tracing
yk-tracing: stop-tracing
