yk-tracing: start-tracing: List.som:54:PUSH_LOCAL_1    
yk-tracing: stop-tracing: List.som:54:PUSH_LOCAL_1    
yk-tracing: start-side-tracing: List.som:54:PUSH_LOCAL_1    
yk-tracing: stop-tracing: List.som:54:PUSH_LOCAL_1    
yk-tracing: start-side-tracing: List.som:54:PUSH_LOCAL_1    
yk-tracing: stop-tracing: List.som:60:PUSH_SELF       
yk-tracing: start-tracing: List.som:60:PUSH_SELF       
yk-tracing: stop-tracing: List.som:54:PUSH_LOCAL_1    
yk-tracing: start-side-tracing: List.som:54:PUSH_LOCAL_1    
yk-tracing: stop-tracing: List.som:60:PUSH_SELF       
yk-tracing: start-side-tracing: List.som:54:PUSH_LOCAL_1    
yk-tracing: stop-tracing: List.som:60:PUSH_SELF       
yk-tracing: start-side-tracing: List.som:54:PUSH_LOCAL_1    
yk-tracing: stop-tracing: List.som:60:PUSH_SELF       
yk-tracing: start-side-tracing: List.som:54:PUSH_LOCAL_1    
yk-tracing: stop-tracing: List.som:54:PUSH_LOCAL_1    
yk-tracing: start-side-tracing: List.som:54:PUSH_LOCAL_1    
yk-tracing: stop-tracing: List.som:60:PUSH_SELF       
yk-tracing: start-side-tracing: List.som:54:PUSH_LOCAL_1    
yk-tracing: stop-tracing: List.som:60:PUSH_SELF       
yk-tracing: start-side-tracing: List.som:54:PUSH_LOCAL_1    
yk-tracing: stop-tracing: List.som:60:PUSH_SELF       
yk-tracing: start-side-tracing: List.som:54:PUSH_LOCAL_1    
yk-tracing: stop-tracing: List.som:60:PUSH_SELF       
yk-tracing: start-side-tracing: List.som:54:PUSH_LOCAL_1    
yk-tracing: stop-tracing: List.som:60:PUSH_SELF       
yk-tracing: start-tracing: List.som:37:PUSH_ARG_1      
yk-tracing: stop-tracing: List.som:37:PUSH_ARG_1      
yk-tracing: start-side-tracing: List.som:54:PUSH_LOCAL_1    
yk-tracing: stop-tracing
yk-tracing: start-tracing
yk-tracing: stop-tracing
yk-tracing: start-side-tracing: List.som:37:PUSH_ARG_1      
yk-tracing: stop-tracing: List.som:37:PUSH_ARG_1      
yk-tracing: start-side-tracing: List.som:60:PUSH_SELF       
yk-warning: stop-tracing-aborted: Trace too long: List.som:54:PUSH_LOCAL_1    
yk-tracing: start-side-tracing
yk-tracing: stop-tracing: Benchmark.som:27:JUMP_IF_GREATER 
yk-tracing: start-tracing: Benchmark.som:27:JUMP_IF_GREATER 
yk-tracing: stop-tracing: List.som:37:PUSH_ARG_1      
yk-tracing: start-side-tracing: List.som:37:PUSH_ARG_1      
yk-tracing: stop-tracing: List.som:37:PUSH_ARG_1      
yk-tracing: start-side-tracing: List.som:37:PUSH_ARG_1      
yk-tracing: stop-tracing: List.som:54:PUSH_LOCAL_1    
yk-tracing: start-side-tracing: List.som:60:PUSH_SELF       
yk-warning: stop-tracing-aborted: Trace too long: List.som:54:PUSH_LOCAL_1    
yk-tracing: start-side-tracing: List.som:60:PUSH_SELF       
yk-warning: stop-tracing-aborted: Trace too long: List.som:54:PUSH_LOCAL_1    
yk-tracing: start-side-tracing: List.som:60:PUSH_SELF       
yk-warning: stop-tracing-aborted: Trace too long: List.som:54:PUSH_LOCAL_1    
yk-tracing: start-side-tracing: List.som:54:PUSH_LOCAL_1    
yk-warning: stop-tracing-aborted: Trace too long: List.som:60:PUSH_SELF       
yk-tracing: start-side-tracing: List.som:54:PUSH_LOCAL_1    
yk-warning: stop-tracing-aborted: Trace too long: List.som:60:PUSH_SELF       
yk-tracing: start-side-tracing: List.som:60:PUSH_SELF       
yk-warning: stop-tracing-aborted: Trace too long: List.som:54:PUSH_LOCAL_1    
yk-tracing: start-side-tracing: List.som:54:PUSH_LOCAL_1    
yk-warning: stop-tracing-aborted: Trace too long: List.som:60:PUSH_SELF       
yk-tracing: start-side-tracing: List.som:54:PUSH_LOCAL_1    
yk-warning: stop-tracing-aborted: Trace too long: List.som:60:PUSH_SELF       
yk-tracing: start-side-tracing: List.som:60:PUSH_SELF       
yk-warning: stop-tracing-aborted: Trace too long: List.som:54:PUSH_LOCAL_1    
yk-tracing: start-side-tracing: List.som:54:PUSH_LOCAL_1    
yk-warning: stop-tracing-aborted: Trace too long: List.som:60:PUSH_SELF       
yk-tracing: start-side-tracing: List.som:54:PUSH_LOCAL_1    
yk-warning: stop-tracing-aborted: Trace too long: List.som:60:PUSH_SELF       
yk-tracing: start-side-tracing: List.som:54:PUSH_LOCAL_1    
yk-warning: stop-tracing-aborted: Trace too long: List.som:60:PUSH_SELF       
yk-tracing: start-side-tracing: List.som:54:PUSH_LOCAL_1    
yk-warning: stop-tracing-aborted: Trace too long: List.som:54:PUSH_LOCAL_1    
yk-tracing: start-side-tracing: List.som:54:PUSH_LOCAL_1    
yk-warning: stop-tracing-aborted: Trace too long: List.som:60:PUSH_SELF       
yk-tracing: start-side-tracing: List.som:54:PUSH_LOCAL_1    
yk-warning: stop-tracing-aborted: Trace too long: List.som:60:PUSH_SELF       
yk-tracing: start-side-tracing: List.som:54:PUSH_LOCAL_1    
yk-warning: stop-tracing-aborted: Trace too long: List.som:60:PUSH_SELF       
yk-tracing: start-side-tracing: List.som:54:PUSH_LOCAL_1    
yk-warning: stop-tracing-aborted: Trace too long: List.som:60:PUSH_SELF       
yk-tracing: start-side-tracing: List.som:54:PUSH_LOCAL_1    
yk-warning: stop-tracing-aborted: Trace too long: List.som:60:PUSH_SELF       
yk-tracing: start-side-tracing: List.som:54:PUSH_LOCAL_1    
yk-warning: stop-tracing-aborted: Trace too long: List.som:60:PUSH_SELF       
yk-tracing: start-side-tracing: List.som:54:PUSH_LOCAL_1    
yk-warning: stop-tracing-aborted: Trace too long: List.som:60:PUSH_SELF       
yk-tracing: start-side-tracing: List.som:54:PUSH_LOCAL_1    
yk-warning: stop-tracing-aborted: Trace too long: List.som:60:PUSH_SELF       
yk-tracing: start-side-tracing: List.som:54:PUSH_LOCAL_1    
yk-warning: stop-tracing-aborted: Trace too long: List.som:60:PUSH_SELF       
yk-tracing: start-side-tracing: List.som:54:PUSH_LOCAL_1    
yk-warning: stop-tracing-aborted: Trace too long: List.som:54:PUSH_LOCAL_1    
yk-tracing: start-side-tracing: List.som:54:PUSH_LOCAL_1    
yk-warning: stop-tracing-aborted: Trace too long: List.som:60:PUSH_SELF       
yk-tracing: start-side-tracing: List.som:54:PUSH_LOCAL_1    
yk-warning: stop-tracing-aborted: Trace too long: List.som:60:PUSH_SELF       
yk-tracing: start-side-tracing: List.som:54:PUSH_LOCAL_1    
yk-warning: stop-tracing-aborted: Trace too long: List.som:60:PUSH_SELF       
yk-tracing: start-side-tracing: List.som:54:PUSH_LOCAL_1    
yk-warning: stop-tracing-aborted: Trace too long: List.som:60:PUSH_SELF       
yk-tracing: start-side-tracing: List.som:54:PUSH_LOCAL_1    
yk-warning: stop-tracing-aborted: Trace too long: List.som:60:PUSH_SELF       
yk-tracing: start-side-tracing: List.som:54:PUSH_LOCAL_1    
yk-warning: stop-tracing-aborted: Trace too long: List.som:60:PUSH_SELF       
yk-tracing: start-side-tracing: List.som:54:PUSH_LOCAL_1    
yk-warning: stop-tracing-aborted: Trace too long: List.som:54:PUSH_LOCAL_1    
yk-tracing: start-side-tracing: List.som:54:PUSH_LOCAL_1    
yk-warning: stop-tracing-aborted: Trace too long: List.som:60:PUSH_SELF       
yk-tracing: start-side-tracing: List.som:54:PUSH_LOCAL_1    
yk-warning: stop-tracing-aborted: Trace too long: List.som:60:PUSH_SELF       
yk-tracing: start-side-tracing: List.som:54:PUSH_LOCAL_1    
yk-warning: stop-tracing-aborted: Trace too long: List.som:60:PUSH_SELF       
yk-tracing: start-side-tracing: List.som:54:PUSH_LOCAL_1    
yk-warning: stop-tracing-aborted: Trace too long: List.som:60:PUSH_SELF       
yk-tracing: start-side-tracing: List.som:37:PUSH_ARG_1      
yk-warning: stop-tracing-aborted: Trace too long: List.som:37:PUSH_ARG_1      
yk-tracing: start-side-tracing: List.som:54:PUSH_LOCAL_1    
yk-warning: stop-tracing-aborted: Trace too long: List.som:54:PUSH_LOCAL_1    
yk-tracing: start-side-tracing: List.som:54:PUSH_LOCAL_1    
yk-warning: stop-tracing-aborted: Trace too long: List.som:60:PUSH_SELF       
yk-tracing: start-side-tracing: List.som:54:PUSH_LOCAL_1    
yk-warning: stop-tracing-aborted: Trace too long: List.som:60:PUSH_SELF       
yk-tracing: start-side-tracing: List.som:54:PUSH_LOCAL_1    
yk-warning: stop-tracing-aborted: Trace too long: List.som:60:PUSH_SELF       
yk-tracing: start-side-tracing: List.som:54:PUSH_LOCAL_1    
yk-warning: stop-tracing-aborted: Trace too long: List.som:60:PUSH_SELF       
yk-tracing: start-side-tracing: List.som:54:PUSH_LOCAL_1    
yk-warning: stop-tracing-aborted: Trace too long: List.som:60:PUSH_SELF       
yk-tracing: start-side-tracing: List.som:54:PUSH_LOCAL_1    
yk-warning: stop-tracing-aborted: Trace too long: List.som:54:PUSH_LOCAL_1    
yk-tracing: start-side-tracing: List.som:54:PUSH_LOCAL_1    
yk-warning: stop-tracing-aborted: Trace too long: List.som:60:PUSH_SELF       
yk-tracing: start-side-tracing: List.som:54:PUSH_LOCAL_1    
yk-warning: stop-tracing-aborted: Trace too long: List.som:54:PUSH_LOCAL_1    
