yk-tracing: start-tracing: Queens.som:53:JUMP_IF_GREATER 
yk-tracing: stop-tracing: Queens.som:53:JUMP_IF_GREATER 
yk-tracing: start-side-tracing: Queens.som:53:JUMP_IF_GREATER 
yk-tracing: stop-tracing: Queens.som:53:JUMP_IF_GREATER 
yk-tracing: start-side-tracing: Queens.som:53:JUMP_IF_GREATER 
yk-tracing: stop-tracing: Queens.som:53:JUMP_IF_GREATER 
yk-tracing: start-side-tracing: Queens.som:53:JUMP_IF_GREATER 
yk-tracing: stop-tracing: Queens.som:53:JUMP_IF_GREATER 
yk-tracing: start-side-tracing: Queens.som:53:JUMP_IF_GREATER 
yk-tracing: stop-tracing: Queens.som:53:JUMP_IF_GREATER 
yk-tracing: start-side-tracing: Queens.som:53:JUMP_IF_GREATER 
yk-tracing: stop-tracing: Queens.som:46:PUSH_1          
yk-tracing: start-tracing: Queens.som:46:PUSH_1          
yk-tracing: stop-tracing: Queens.som:53:JUMP_IF_GREATER 
yk-tracing: start-side-tracing: Queens.som:53:JUMP_IF_GREATER 
yk-tracing: stop-tracing: Queens.som:53:JUMP_IF_GREATER 
yk-tracing: start-side-tracing: Queens.som:53:JUMP_IF_GREATER 
yk-tracing: stop-tracing: Queens.som:46:PUSH_1          
yk-tracing: start-side-tracing: Queens.som:53:JUMP_IF_GREATER 
yk-tracing: stop-tracing: Queens.som:29:JUMP_IF_GREATER 
yk-tracing: start-tracing: Queens.som:29:JUMP_IF_GREATER 
yk-warning: stop-tracing-aborted: Trace too long: Queens.som:46:PUSH_1          
yk-tracing: start-side-tracing: Queens.som:53:JUMP_IF_GREATER 
yk-tracing: stop-tracing: Queens.som:29:JUMP_IF_GREATER 
yk-tracing: start-side-tracing: Queens.som:53:JUMP_IF_GREATER 
yk-warning: stop-tracing-aborted: Trace too long: Queens.som:53:JUMP_IF_GREATER 
yk-tracing: start-side-tracing: Queens.som:53:JUMP_IF_GREATER 
yk-warning: stop-tracing-aborted: Trace too long: Queens.som:53:JUMP_IF_GREATER 
yk-tracing: start-side-tracing: Queens.som:53:JUMP_IF_GREATER 
yk-warning: stop-tracing-aborted: Trace too long: Queens.som:53:JUMP_IF_GREATER 
yk-tracing: start-side-tracing: Queens.som:53:JUMP_IF_GREATER 
yk-warning: stop-tracing-aborted: Trace too long: Queens.som:53:JUMP_IF_GREATER 
yk-tracing: start-side-tracing: Queens.som:53:JUMP_IF_GREATER 
yk-warning: stop-tracing-aborted: Trace too long: Queens.som:46:PUSH_1          
yk-tracing: start-side-tracing: Queens.som:53:JUMP_IF_GREATER 
yk-warning: stop-tracing-aborted: Trace too long: Queens.som:46:PUSH_1          
yk-tracing: start-side-tracing: Queens.som:53:JUMP_IF_GREATER 
yk-warning: stop-tracing-aborted: Trace too long: Queens.som:53:JUMP_IF_GREATER 
yk-tracing: start-side-tracing: Queens.som:53:JUMP_IF_GREATER 
yk-warning: stop-tracing-aborted: Trace too long: Queens.som:53:JUMP_IF_GREATER 
yk-tracing: start-side-tracing: Queens.som:53:JUMP_IF_GREATER 
yk-warning: stop-tracing-aborted: Trace too long: Queens.som:53:JUMP_IF_GREATER 
yk-tracing: start-side-tracing: Queens.som:53:JUMP_IF_GREATER 
yk-warning: stop-tracing-aborted: Trace too long: Queens.som:46:PUSH_1          
yk-tracing: start-side-tracing: Queens.som:53:JUMP_IF_GREATER 
yk-warning: stop-tracing-aborted: Trace too long: Queens.som:53:JUMP_IF_GREATER 
yk-tracing: start-side-tracing: Queens.som:53:JUMP_IF_GREATER 
yk-warning: stop-tracing-aborted: Trace too long: Queens.som:53:JUMP_IF_GREATER 
yk-tracing: start-side-tracing: Queens.som:53:JUMP_IF_GREATER 
yk-warning: stop-tracing-aborted: Trace too long: Queens.som:46:PUSH_1          
yk-tracing: start-side-tracing: Queens.som:53:JUMP_IF_GREATER 
yk-warning: stop-tracing-aborted: Trace too long: Queens.som:53:JUMP_IF_GREATER 
yk-tracing: start-side-tracing: Queens.som:53:JUMP_IF_GREATER 
yk-warning: stop-tracing-aborted: Trace too long: Queens.som:46:PUSH_1          
yk-tracing: start-side-tracing: Queens.som:53:JUMP_IF_GREATER 
yk-warning: stop-tracing-aborted: Trace too long: Queens.som:53:JUMP_IF_GREATER 
yk-tracing: start-side-tracing: Queens.som:53:JUMP_IF_GREATER 
yk-warning: stop-tracing-aborted: Trace too long: Queens.som:46:PUSH_1          
yk-tracing: start-side-tracing: Queens.som:53:JUMP_IF_GREATER 
yk-warning: stop-tracing-aborted: Trace too long: Queens.som:46:PUSH_1          
yk-tracing: start-side-tracing: Queens.som:53:JUMP_IF_GREATER 
yk-warning: stop-tracing-aborted: Trace too long: Queens.som:53:JUMP_IF_GREATER 
yk-tracing: start-side-tracing: Queens.som:53:JUMP_IF_GREATER 
yk-warning: stop-tracing-aborted: Trace too long: Queens.som:53:JUMP_IF_GREATER 
yk-tracing: start-side-tracing: Queens.som:53:JUMP_IF_GREATER 
yk-warning: stop-tracing-aborted: Trace too long: Queens.som:53:JUMP_IF_GREATER 
yk-tracing: start-side-tracing: Queens.som:53:JUMP_IF_GREATER 
yk-warning: stop-tracing-aborted: Trace too long: Queens.som:53:JUMP_IF_GREATER 
yk-tracing: start-side-tracing: Queens.som:53:JUMP_IF_GREATER 
yk-warning: stop-tracing-aborted: Trace too long: Queens.som:46:PUSH_1          
yk-tracing: start-side-tracing: Queens.som:53:JUMP_IF_GREATER 
yk-warning: stop-tracing-aborted: Trace too long: Queens.som:53:JUMP_IF_GREATER 
yk-tracing: start-side-tracing: Queens.som:53:JUMP_IF_GREATER 
yk-warning: stop-tracing-aborted: Trace too long: Queens.som:53:JUMP_IF_GREATER 
yk-tracing: start-side-tracing: Queens.som:53:JUMP_IF_GREATER 
yk-warning: stop-tracing-aborted: Trace too long: Queens.som:53:JUMP_IF_GREATER 
yk-tracing: start-side-tracing: Queens.som:53:JUMP_IF_GREATER 
yk-warning: stop-tracing-aborted: Trace too long: Queens.som:53:JUMP_IF_GREATER 
yk-tracing: start-side-tracing: Queens.som:53:JUMP_IF_GREATER 
yk-warning: stop-tracing-aborted: Trace too long: Queens.som:53:JUMP_IF_GREATER 
yk-tracing: start-side-tracing: Queens.som:53:JUMP_IF_GREATER 
yk-warning: stop-tracing-aborted: Trace too long: Queens.som:53:JUMP_IF_GREATER 
yk-tracing: start-side-tracing: Queens.som:53:JUMP_IF_GREATER 
yk-warning: stop-tracing-aborted: Trace too long: Queens.som:53:JUMP_IF_GREATER 
yk-tracing: start-side-tracing: Queens.som:53:JUMP_IF_GREATER 
yk-warning: stop-tracing-aborted: Trace too long: Queens.som:53:JUMP_IF_GREATER 
yk-tracing: start-side-tracing: Queens.som:53:JUMP_IF_GREATER 
yk-warning: stop-tracing-aborted: Trace too long: Queens.som:53:JUMP_IF_GREATER 
yk-tracing: start-side-tracing: Queens.som:53:JUMP_IF_GREATER 
yk-warning: stop-tracing-aborted: Trace too long: Queens.som:53:JUMP_IF_GREATER 
yk-tracing: start-side-tracing: Queens.som:53:JUMP_IF_GREATER 
yk-warning: stop-tracing-aborted: Trace too long: Queens.som:53:JUMP_IF_GREATER 
yk-tracing: start-side-tracing: Queens.som:53:JUMP_IF_GREATER 
yk-warning: stop-tracing-aborted: Trace too long: Queens.som:46:PUSH_1          
yk-tracing: start-side-tracing: Queens.som:53:JUMP_IF_GREATER 
yk-warning: stop-tracing-aborted: Trace too long: Queens.som:53:JUMP_IF_GREATER 
yk-tracing: start-side-tracing: Queens.som:53:JUMP_IF_GREATER 
yk-warning: stop-tracing-aborted: Trace too long: Queens.som:53:JUMP_IF_GREATER 
yk-tracing: start-side-tracing: Queens.som:53:JUMP_IF_GREATER 
yk-warning: stop-tracing-aborted: Trace too long: Queens.som:53:JUMP_IF_GREATER 
yk-tracing: start-side-tracing: Queens.som:53:JUMP_IF_GREATER 
yk-warning: stop-tracing-aborted: Trace too long: Queens.som:53:JUMP_IF_GREATER 
yk-tracing: start-side-tracing: Queens.som:53:JUMP_IF_GREATER 
yk-warning: stop-tracing-aborted: Trace too long: Queens.som:53:JUMP_IF_GREATER 
yk-tracing: start-side-tracing: Queens.som:53:JUMP_IF_GREATER 
yk-warning: stop-tracing-aborted: Trace too long: Queens.som:53:JUMP_IF_GREATER 
yk-tracing: start-side-tracing: Queens.som:53:JUMP_IF_GREATER 
yk-warning: stop-tracing-aborted: Trace too long: Queens.som:53:JUMP_IF_GREATER 
yk-tracing: start-side-tracing: Queens.som:53:JUMP_IF_GREATER 
yk-warning: stop-tracing-aborted: Trace too long: Queens.som:53:JUMP_IF_GREATER 
yk-tracing: start-side-tracing: Queens.som:53:JUMP_IF_GREATER 
yk-warning: stop-tracing-aborted: Trace too long: Queens.som:53:JUMP_IF_GREATER 
yk-tracing: start-side-tracing: Queens.som:53:JUMP_IF_GREATER 
yk-warning: stop-tracing-aborted: Trace too long: Queens.som:53:JUMP_IF_GREATER 
yk-tracing: start-side-tracing: Queens.som:53:JUMP_IF_GREATER 
yk-warning: stop-tracing-aborted: Trace too long: Queens.som:46:PUSH_1          
yk-tracing: start-side-tracing: Queens.som:53:JUMP_IF_GREATER 
yk-warning: stop-tracing-aborted: Trace too long: Queens.som:53:JUMP_IF_GREATER 
yk-tracing: start-side-tracing: Queens.som:53:JUMP_IF_GREATER 
yk-warning: stop-tracing-aborted: Trace too long: Queens.som:53:JUMP_IF_GREATER 
yk-tracing: start-side-tracing: Queens.som:53:JUMP_IF_GREATER 
yk-warning: stop-tracing-aborted: Trace too long: Queens.som:46:PUSH_1          
yk-tracing: start-side-tracing: Queens.som:53:JUMP_IF_GREATER 
yk-warning: stop-tracing-aborted: Trace too long: Queens.som:46:PUSH_1          
yk-tracing: start-side-tracing: Queens.som:53:JUMP_IF_GREATER 
yk-warning: stop-tracing-aborted: Trace too long: Queens.som:46:PUSH_1          
yk-tracing: start-side-tracing: Queens.som:53:JUMP_IF_GREATER 
yk-warning: stop-tracing-aborted: Trace too long: Queens.som:46:PUSH_1          
yk-tracing: start-side-tracing: Queens.som:53:JUMP_IF_GREATER 
yk-warning: stop-tracing-aborted: Trace too long: Queens.som:53:JUMP_IF_GREATER 
yk-tracing: start-side-tracing: Queens.som:53:JUMP_IF_GREATER 
yk-warning: stop-tracing-aborted: Trace too long: Queens.som:53:JUMP_IF_GREATER 
yk-tracing: start-side-tracing: Queens.som:53:JUMP_IF_GREATER 
yk-warning: stop-tracing-aborted: Trace too long: Queens.som:53:JUMP_IF_GREATER 
yk-tracing: start-side-tracing: Queens.som:53:JUMP_IF_GREATER 
yk-warning: stop-tracing-aborted: Trace too long: Queens.som:53:JUMP_IF_GREATER 
yk-tracing: start-side-tracing: Queens.som:53:JUMP_IF_GREATER 
yk-warning: stop-tracing-aborted: Trace too long: Queens.som:53:JUMP_IF_GREATER 
yk-tracing: start-side-tracing: Queens.som:53:JUMP_IF_GREATER 
yk-warning: stop-tracing-aborted: Trace too long: Queens.som:53:JUMP_IF_GREATER 
yk-tracing: start-side-tracing: Queens.som:53:JUMP_IF_GREATER 
yk-warning: stop-tracing-aborted: Trace too long: Queens.som:46:PUSH_1          
yk-tracing: start-side-tracing: Queens.som:53:JUMP_IF_GREATER 
yk-warning: stop-tracing-aborted: Trace too long: Queens.som:53:JUMP_IF_GREATER 
yk-tracing: start-side-tracing: Queens.som:53:JUMP_IF_GREATER 
yk-warning: stop-tracing-aborted: Trace too long: Queens.som:53:JUMP_IF_GREATER 
yk-tracing: start-side-tracing: Queens.som:53:JUMP_IF_GREATER 
yk-warning: stop-tracing-aborted: Trace too long: Queens.som:53:JUMP_IF_GREATER 
yk-tracing: start-side-tracing: Queens.som:53:JUMP_IF_GREATER 
yk-warning: stop-tracing-aborted: Trace too long: Queens.som:53:JUMP_IF_GREATER 
yk-tracing: start-side-tracing: Queens.som:53:JUMP_IF_GREATER 
yk-warning: stop-tracing-aborted: Trace too long: Queens.som:53:JUMP_IF_GREATER 
yk-tracing: start-side-tracing: Queens.som:53:JUMP_IF_GREATER 
yk-warning: stop-tracing-aborted: Trace too long: Queens.som:53:JUMP_IF_GREATER 
yk-tracing: start-side-tracing: Queens.som:53:JUMP_IF_GREATER 
yk-warning: stop-tracing-aborted: Trace too long: Queens.som:53:JUMP_IF_GREATER 
yk-tracing: start-side-tracing: Queens.som:53:JUMP_IF_GREATER 
yk-warning: stop-tracing-aborted: Trace too long: Queens.som:46:PUSH_1          
yk-tracing: start-side-tracing: Queens.som:53:JUMP_IF_GREATER 
yk-warning: stop-tracing-aborted: Trace too long: Queens.som:53:JUMP_IF_GREATER 
yk-tracing: start-side-tracing: Queens.som:53:JUMP_IF_GREATER 
yk-warning: stop-tracing-aborted: Trace too long: Queens.som:46:PUSH_1          
yk-tracing: start-side-tracing: Queens.som:53:JUMP_IF_GREATER 
yk-warning: stop-tracing-aborted: Trace too long: Queens.som:53:JUMP_IF_GREATER 
yk-tracing: start-side-tracing: Queens.som:53:JUMP_IF_GREATER 
yk-warning: stop-tracing-aborted: Trace too long: Queens.som:53:JUMP_IF_GREATER 
yk-tracing: start-side-tracing: Queens.som:53:JUMP_IF_GREATER 
yk-warning: stop-tracing-aborted: Trace too long: Queens.som:53:JUMP_IF_GREATER 
yk-tracing: start-side-tracing: Queens.som:53:JUMP_IF_GREATER 
yk-warning: stop-tracing-aborted: Trace too long: Queens.som:53:JUMP_IF_GREATER 
yk-tracing: start-side-tracing: Queens.som:53:JUMP_IF_GREATER 
yk-warning: stop-tracing-aborted: Trace too long: Queens.som:53:JUMP_IF_GREATER 
yk-tracing: start-side-tracing: Queens.som:53:JUMP_IF_GREATER 
yk-warning: stop-tracing-aborted: Trace too long: Queens.som:53:JUMP_IF_GREATER 
yk-tracing: start-side-tracing: Queens.som:53:JUMP_IF_GREATER 
yk-warning: stop-tracing-aborted: Trace too long: Queens.som:53:JUMP_IF_GREATER 
yk-tracing: start-side-tracing: Queens.som:53:JUMP_IF_GREATER 
yk-warning: stop-tracing-aborted: Trace too long: Queens.som:53:JUMP_IF_GREATER 
yk-tracing: start-side-tracing: Queens.som:53:JUMP_IF_GREATER 
yk-warning: stop-tracing-aborted: Trace too long: Queens.som:53:JUMP_IF_GREATER 
yk-tracing: start-side-tracing: Queens.som:53:JUMP_IF_GREATER 
yk-warning: stop-tracing-aborted: Trace too long: Queens.som:53:JUMP_IF_GREATER 
yk-tracing: start-side-tracing: Queens.som:53:JUMP_IF_GREATER 
yk-warning: stop-tracing-aborted: Trace too long: Queens.som:53:JUMP_IF_GREATER 
yk-tracing: start-side-tracing: Queens.som:53:JUMP_IF_GREATER 
yk-warning: stop-tracing-aborted: Trace too long: Queens.som:53:JUMP_IF_GREATER 
yk-tracing: start-side-tracing: Queens.som:53:JUMP_IF_GREATER 
yk-warning: stop-tracing-aborted: Trace too long: Queens.som:53:JUMP_IF_GREATER 
yk-tracing: start-side-tracing: Queens.som:53:JUMP_IF_GREATER 
yk-warning: stop-tracing-aborted: Trace too long: Queens.som:53:JUMP_IF_GREATER 
yk-tracing: start-side-tracing: Queens.som:53:JUMP_IF_GREATER 
yk-warning: stop-tracing-aborted: Trace too long: Queens.som:46:PUSH_1          
yk-tracing: start-side-tracing: Queens.som:53:JUMP_IF_GREATER 
yk-warning: stop-tracing-aborted: Trace too long: Queens.som:53:JUMP_IF_GREATER 
yk-tracing: start-side-tracing: Queens.som:53:JUMP_IF_GREATER 
yk-warning: stop-tracing-aborted: Trace too long: Queens.som:53:JUMP_IF_GREATER 
yk-tracing: start-side-tracing: Queens.som:53:JUMP_IF_GREATER 
yk-warning: stop-tracing-aborted: Trace too long: Queens.som:46:PUSH_1          
yk-tracing: start-side-tracing: Queens.som:53:JUMP_IF_GREATER 
yk-warning: stop-tracing-aborted: Trace too long: Queens.som:53:JUMP_IF_GREATER 
yk-tracing: start-tracing: Benchmark.som:27:JUMP_IF_GREATER 
yk-tracing: stop-tracing: Queens.som:29:JUMP_IF_GREATER 
yk-tracing: start-side-tracing: Queens.som:53:JUMP_IF_GREATER 
yk-warning: stop-tracing-aborted: Trace too long: Queens.som:53:JUMP_IF_GREATER 
yk-tracing: start-side-tracing: Queens.som:53:JUMP_IF_GREATER 
yk-warning: stop-tracing-aborted: Trace too long: Queens.som:53:JUMP_IF_GREATER 
yk-tracing: start-side-tracing: Queens.som:53:JUMP_IF_GREATER 
yk-warning: stop-tracing-aborted: Trace too long: Queens.som:53:JUMP_IF_GREATER 
yk-tracing: start-side-tracing: Queens.som:53:JUMP_IF_GREATER 
yk-warning: stop-tracing-aborted: Trace too long: Queens.som:53:JUMP_IF_GREATER 
yk-tracing: start-side-tracing: Queens.som:53:JUMP_IF_GREATER 
yk-warning: stop-tracing-aborted: Trace too long: Queens.som:46:PUSH_1          
yk-tracing: start-side-tracing: Queens.som:53:JUMP_IF_GREATER 
yk-warning: stop-tracing-aborted: Trace too long: Queens.som:53:JUMP_IF_GREATER 
yk-tracing: start-side-tracing: Queens.som:53:JUMP_IF_GREATER 
yk-warning: stop-tracing-aborted: Trace too long: Queens.som:53:JUMP_IF_GREATER 
yk-tracing: start-side-tracing: Queens.som:53:JUMP_IF_GREATER 
yk-warning: stop-tracing-aborted: Trace too long: Queens.som:53:JUMP_IF_GREATER 
yk-tracing: start-side-tracing: Queens.som:53:JUMP_IF_GREATER 
yk-warning: stop-tracing-aborted: Trace too long: Queens.som:53:JUMP_IF_GREATER 
yk-tracing: start-side-tracing: Queens.som:53:JUMP_IF_GREATER 
yk-warning: stop-tracing-aborted: Trace too long: Queens.som:53:JUMP_IF_GREATER 
yk-tracing: start-side-tracing: Queens.som:53:JUMP_IF_GREATER 
yk-warning: stop-tracing-aborted: Trace too long: Queens.som:53:JUMP_IF_GREATER 
yk-tracing: start-side-tracing: Queens.som:53:JUMP_IF_GREATER 
yk-warning: stop-tracing-aborted: Trace too long: Queens.som:53:JUMP_IF_GREATER 
yk-tracing: start-side-tracing: Queens.som:53:JUMP_IF_GREATER 
yk-warning: stop-tracing-aborted: Trace too long: Queens.som:53:JUMP_IF_GREATER 
yk-tracing: start-side-tracing: Queens.som:53:JUMP_IF_GREATER 
yk-warning: stop-tracing-aborted: Trace too long: Queens.som:53:JUMP_IF_GREATER 
yk-tracing: start-side-tracing: Queens.som:53:JUMP_IF_GREATER 
yk-warning: stop-tracing-aborted: Trace too long: Queens.som:53:JUMP_IF_GREATER 
yk-tracing: start-side-tracing: Queens.som:53:JUMP_IF_GREATER 
yk-warning: stop-tracing-aborted: Trace too long: Queens.som:53:JUMP_IF_GREATER 
yk-tracing: start-side-tracing: Queens.som:53:JUMP_IF_GREATER 
yk-warning: stop-tracing-aborted: Trace too long: Queens.som:46:PUSH_1          
yk-tracing: start-side-tracing: Queens.som:53:JUMP_IF_GREATER 
yk-warning: stop-tracing-aborted: Trace too long: Queens.som:46:PUSH_1          
yk-tracing: start-side-tracing: Queens.som:53:JUMP_IF_GREATER 
yk-warning: stop-tracing-aborted: Trace too long: Queens.som:53:JUMP_IF_GREATER 
yk-tracing: start-side-tracing: Queens.som:53:JUMP_IF_GREATER 
yk-warning: stop-tracing-aborted: Trace too long: Queens.som:53:JUMP_IF_GREATER 
yk-tracing: start-side-tracing: Queens.som:53:JUMP_IF_GREATER 
yk-warning: stop-tracing-aborted: Trace too long: Queens.som:53:JUMP_IF_GREATER 
yk-tracing: start-side-tracing: Queens.som:53:JUMP_IF_GREATER 
yk-warning: stop-tracing-aborted: Trace too long: Queens.som:53:JUMP_IF_GREATER 
yk-tracing: start-side-tracing: Queens.som:53:JUMP_IF_GREATER 
yk-warning: stop-tracing-aborted: Trace too long: Queens.som:53:JUMP_IF_GREATER 
yk-tracing: start-side-tracing: Queens.som:53:JUMP_IF_GREATER 
yk-warning: stop-tracing-aborted: Trace too long: Queens.som:53:JUMP_IF_GREATER 
yk-tracing: start-side-tracing: Queens.som:53:JUMP_IF_GREATER 
yk-warning: stop-tracing-aborted: Trace too long: Queens.som:46:PUSH_1          
yk-tracing: start-side-tracing: Queens.som:53:JUMP_IF_GREATER 
yk-warning: stop-tracing-aborted: Trace too long: Queens.som:46:PUSH_1          
yk-tracing: start-side-tracing: Queens.som:53:JUMP_IF_GREATER 
yk-warning: stop-tracing-aborted: Trace too long: Queens.som:53:JUMP_IF_GREATER 
yk-tracing: start-side-tracing: Queens.som:53:JUMP_IF_GREATER 
yk-warning: stop-tracing-aborted: Trace too long: Queens.som:53:JUMP_IF_GREATER 
yk-tracing: start-side-tracing: Queens.som:46:PUSH_1          
yk-tracing: stop-tracing: Queens.som:53:JUMP_IF_GREATER 
yk-tracing: start-side-tracing: Queens.som:53:JUMP_IF_GREATER 
yk-warning: stop-tracing-aborted: Trace too long: Queens.som:53:JUMP_IF_GREATER 
yk-tracing: start-side-tracing: Queens.som:53:JUMP_IF_GREATER 
yk-warning: stop-tracing-aborted: Trace too long: Queens.som:53:JUMP_IF_GREATER 
yk-tracing: start-side-tracing: Queens.som:53:JUMP_IF_GREATER 
yk-warning: stop-tracing-aborted: Trace too long: Queens.som:53:JUMP_IF_GREATER 
yk-tracing: start-side-tracing: Queens.som:53:JUMP_IF_GREATER 
yk-warning: stop-tracing-aborted: Trace too long: Queens.som:53:JUMP_IF_GREATER 
yk-tracing: start-side-tracing: Queens.som:53:JUMP_IF_GREATER 
yk-warning: stop-tracing-aborted: Trace too long: Queens.som:46:PUSH_1          
yk-tracing: start-side-tracing: Queens.som:53:JUMP_IF_GREATER 
yk-warning: stop-tracing-aborted: Trace too long: Queens.som:53:JUMP_IF_GREATER 
yk-tracing: start-side-tracing: Queens.som:53:JUMP_IF_GREATER 
yk-warning: stop-tracing-aborted: Trace too long: Queens.som:53:JUMP_IF_GREATER 
yk-tracing: start-side-tracing: Queens.som:53:JUMP_IF_GREATER 
yk-warning: stop-tracing-aborted: Trace too long: Queens.som:53:JUMP_IF_GREATER 
yk-tracing: start-side-tracing: Queens.som:53:JUMP_IF_GREATER 
yk-warning: stop-tracing-aborted: Trace too long: Queens.som:46:PUSH_1          
yk-tracing: start-side-tracing: Queens.som:53:JUMP_IF_GREATER 
yk-warning: stop-tracing-aborted: Trace too long: Queens.som:46:PUSH_1          
yk-tracing: start-side-tracing: Queens.som:53:JUMP_IF_GREATER 
yk-warning: stop-tracing-aborted: Trace too long: Queens.som:53:JUMP_IF_GREATER 
