yk-tracing: start-tracing: Scheduler.som:283:PUSH_GLOBAL     
yk-tracing: stop-tracing: Scheduler.som:283:PUSH_GLOBAL     
yk-tracing: start-side-tracing: Scheduler.som:283:PUSH_GLOBAL     
yk-tracing: stop-tracing: Scheduler.som:283:PUSH_GLOBAL     
yk-tracing: start-side-tracing: Scheduler.som:283:PUSH_GLOBAL     
yk-tracing: stop-tracing: Scheduler.som:283:PUSH_GLOBAL     
yk-tracing: start-side-tracing: Scheduler.som:283:PUSH_GLOBAL     
yk-tracing: stop-tracing: Scheduler.som:283:PUSH_GLOBAL     
yk-tracing: start-side-tracing: Scheduler.som:283:PUSH_GLOBAL     
yk-tracing: stop-tracing: Scheduler.som:154:JUMP_IF_GREATER 
yk-tracing: start-tracing: Scheduler.som:154:JUMP_IF_GREATER 
yk-tracing: stop-tracing: Scheduler.som:154:JUMP_IF_GREATER 
yk-tracing: start-side-tracing: Scheduler.som:283:PUSH_GLOBAL     
yk-tracing: stop-tracing: RBObject.som:16:PUSH_GLOBAL     
yk-tracing: start-tracing: RBObject.som:16:PUSH_GLOBAL     
yk-tracing: stop-tracing: Scheduler.som:283:PUSH_GLOBAL     
yk-tracing: start-side-tracing: Scheduler.som:283:PUSH_GLOBAL     
yk-tracing: stop-tracing: Scheduler.som:283:PUSH_GLOBAL     
yk-tracing: start-side-tracing: Scheduler.som:283:PUSH_GLOBAL     
yk-tracing: stop-tracing: Scheduler.som:283:PUSH_GLOBAL     
yk-tracing: start-side-tracing: Scheduler.som:283:PUSH_GLOBAL     
yk-tracing: stop-tracing: RBObject.som:16:PUSH_GLOBAL     
yk-tracing: start-side-tracing: Scheduler.som:283:PUSH_GLOBAL     
yk-tracing: stop-tracing: Scheduler.som:283:PUSH_GLOBAL     
yk-tracing: start-side-tracing: RBObject.som:16:PUSH_GLOBAL     
yk-tracing: stop-tracing: Scheduler.som:283:PUSH_GLOBAL     
yk-tracing: start-side-tracing: Scheduler.som:283:PUSH_GLOBAL     
yk-tracing: stop-tracing: Scheduler.som:283:PUSH_GLOBAL     
yk-tracing: start-side-tracing: Scheduler.som:283:PUSH_GLOBAL     
yk-tracing: stop-tracing: Scheduler.som:283:PUSH_GLOBAL     
yk-tracing: start-side-tracing: Scheduler.som:283:PUSH_GLOBAL     
yk-tracing: stop-tracing: Scheduler.som:283:PUSH_GLOBAL     
yk-tracing: start-side-tracing: Scheduler.som:154:JUMP_IF_GREATER 
yk-tracing: stop-tracing: Scheduler.som:283:PUSH_GLOBAL     
yk-tracing: start-side-tracing: Scheduler.som:283:PUSH_GLOBAL     
yk-tracing: stop-tracing: RBObject.som:16:PUSH_GLOBAL     
yk-tracing: start-side-tracing: Scheduler.som:283:PUSH_GLOBAL     
yk-tracing: stop-tracing: Scheduler.som:283:PUSH_GLOBAL     
yk-tracing: start-side-tracing: Scheduler.som:283:PUSH_GLOBAL     
yk-tracing: stop-tracing: Scheduler.som:283:PUSH_GLOBAL     
yk-tracing: start-side-tracing: Scheduler.som:283:PUSH_GLOBAL     
yk-tracing: stop-tracing: Scheduler.som:283:PUSH_GLOBAL     
yk-tracing: start-side-tracing: Scheduler.som:283:PUSH_GLOBAL     
yk-tracing: stop-tracing: Scheduler.som:154:JUMP_IF_GREATER 
yk-tracing: start-side-tracing: RBObject.som:16:PUSH_GLOBAL     
yk-tracing: stop-tracing: Scheduler.som:283:PUSH_GLOBAL     
yk-tracing: start-side-tracing: Scheduler.som:283:PUSH_GLOBAL     
yk-tracing: stop-tracing: Scheduler.som:283:PUSH_GLOBAL     
yk-tracing: start-side-tracing: Scheduler.som:283:PUSH_GLOBAL     
yk-tracing: stop-tracing: Scheduler.som:283:PUSH_GLOBAL     
yk-tracing: start-side-tracing: Scheduler.som:283:PUSH_GLOBAL     
yk-tracing: stop-tracing: RBObject.som:16:PUSH_GLOBAL     
yk-tracing: start-side-tracing: RBObject.som:16:PUSH_GLOBAL     
yk-tracing: stop-tracing: RBObject.som:16:PUSH_GLOBAL     
yk-tracing: start-side-tracing: Scheduler.som:283:PUSH_GLOBAL     
yk-tracing: stop-tracing: Scheduler.som:283:PUSH_GLOBAL     
yk-tracing: start-side-tracing: Scheduler.som:283:PUSH_GLOBAL     
yk-tracing: stop-tracing: Scheduler.som:283:PUSH_GLOBAL     
yk-tracing: start-side-tracing: Scheduler.som:283:PUSH_GLOBAL     
yk-tracing: stop-tracing: Scheduler.som:283:PUSH_GLOBAL     
yk-tracing: start-side-tracing: Scheduler.som:283:PUSH_GLOBAL     
yk-tracing: stop-tracing: Scheduler.som:283:PUSH_GLOBAL     
yk-tracing: start-side-tracing: Scheduler.som:283:PUSH_GLOBAL     
yk-tracing: stop-tracing: Scheduler.som:283:PUSH_GLOBAL     
yk-tracing: start-side-tracing: Scheduler.som:283:PUSH_GLOBAL     
yk-tracing: stop-tracing: RBObject.som:16:PUSH_GLOBAL     
yk-tracing: start-side-tracing: Scheduler.som:283:PUSH_GLOBAL     
yk-tracing: stop-tracing: Scheduler.som:283:PUSH_GLOBAL     
yk-tracing: start-side-tracing: Scheduler.som:154:JUMP_IF_GREATER 
yk-tracing: stop-tracing: Scheduler.som:154:JUMP_IF_GREATER 
yk-tracing: start-side-tracing: Scheduler.som:154:JUMP_IF_GREATER 
yk-tracing: stop-tracing: Scheduler.som:154:JUMP_IF_GREATER 
yk-tracing: start-side-tracing: Scheduler.som:283:PUSH_GLOBAL     
yk-tracing: stop-tracing: RBObject.som:16:PUSH_GLOBAL     
yk-tracing: start-side-tracing: Scheduler.som:283:PUSH_GLOBAL     
yk-tracing: stop-tracing: RBObject.som:16:PUSH_GLOBAL     
yk-tracing: start-side-tracing: Scheduler.som:283:PUSH_GLOBAL     
yk-tracing: stop-tracing: RBObject.som:16:PUSH_GLOBAL     
yk-tracing: start-side-tracing: Scheduler.som:283:PUSH_GLOBAL     
yk-warning: stop-tracing-aborted: Trace too long: Scheduler.som:283:PUSH_GLOBAL     
yk-tracing: start-side-tracing: Scheduler.som:283:PUSH_GLOBAL     
yk-warning: stop-tracing-aborted: Trace too long: Scheduler.som:283:PUSH_GLOBAL     
yk-tracing: start-side-tracing: Scheduler.som:283:PUSH_GLOBAL     
yk-warning: stop-tracing-aborted: Trace too long: Scheduler.som:283:PUSH_GLOBAL     
yk-tracing: start-side-tracing: Scheduler.som:283:PUSH_GLOBAL     
yk-warning: stop-tracing-aborted: Trace too long: Scheduler.som:283:PUSH_GLOBAL     
yk-tracing: start-side-tracing: Scheduler.som:283:PUSH_GLOBAL     
yk-warning: stop-tracing-aborted: Trace too long: Scheduler.som:283:PUSH_GLOBAL     
yk-tracing: start-side-tracing: Scheduler.som:283:PUSH_GLOBAL     
yk-warning: stop-tracing-aborted: Trace too long: Scheduler.som:283:PUSH_GLOBAL     
yk-tracing: start-side-tracing: Scheduler.som:283:PUSH_GLOBAL     
yk-warning: stop-tracing-aborted: Trace too long: Scheduler.som:283:PUSH_GLOBAL     
yk-tracing: start-side-tracing: Scheduler.som:283:PUSH_GLOBAL     
yk-warning: stop-tracing-aborted: Trace too long: Scheduler.som:283:PUSH_GLOBAL     
yk-tracing: start-side-tracing: Scheduler.som:283:PUSH_GLOBAL     
yk-warning: stop-tracing-aborted: Trace too long: RBObject.som:16:PUSH_GLOBAL     
yk-tracing: start-side-tracing: Scheduler.som:283:PUSH_GLOBAL     
yk-warning: stop-tracing-aborted: Trace too long: Scheduler.som:283:PUSH_GLOBAL     
yk-tracing: start-side-tracing: Scheduler.som:283:PUSH_GLOBAL     
yk-warning: stop-tracing-aborted: Trace too long: RBObject.som:16:PUSH_GLOBAL     
yk-tracing: start-side-tracing: Scheduler.som:283:PUSH_GLOBAL     
yk-warning: stop-tracing-aborted: Trace too long: Scheduler.som:283:PUSH_GLOBAL     
yk-tracing: start-side-tracing: Scheduler.som:283:PUSH_GLOBAL     
yk-warning: stop-tracing-aborted: Trace too long: Scheduler.som:283:PUSH_GLOBAL     
yk-tracing: start-side-tracing: Scheduler.som:283:PUSH_GLOBAL     
yk-warning: stop-tracing-aborted: Trace too long: Scheduler.som:283:PUSH_GLOBAL     
yk-tracing: start-side-tracing: Scheduler.som:283:PUSH_GLOBAL     
yk-warning: stop-tracing-aborted: Trace too long: RBObject.som:16:PUSH_GLOBAL     
yk-tracing: start-side-tracing: Scheduler.som:283:PUSH_GLOBAL     
yk-warning: stop-tracing-aborted: Trace too long: Scheduler.som:283:PUSH_GLOBAL     
yk-tracing: start-side-tracing: Scheduler.som:283:PUSH_GLOBAL     
yk-warning: stop-tracing-aborted: Trace too long: Scheduler.som:283:PUSH_GLOBAL     
yk-tracing: start-side-tracing: Scheduler.som:283:PUSH_GLOBAL     
yk-warning: stop-tracing-aborted: Trace too long: Scheduler.som:283:PUSH_GLOBAL     
yk-tracing: start-side-tracing: Scheduler.som:283:PUSH_GLOBAL     
yk-warning: stop-tracing-aborted: Trace too long: Scheduler.som:283:PUSH_GLOBAL     
yk-tracing: start-side-tracing: Scheduler.som:283:PUSH_GLOBAL     
yk-warning: stop-tracing-aborted: Trace too long: RBObject.som:16:PUSH_GLOBAL     
yk-tracing: start-side-tracing: Scheduler.som:283:PUSH_GLOBAL     
yk-warning: stop-tracing-aborted: Trace too long: Scheduler.som:283:PUSH_GLOBAL     
yk-tracing: start-side-tracing: Scheduler.som:283:PUSH_GLOBAL     
yk-warning: stop-tracing-aborted: Trace too long: RBObject.som:16:PUSH_GLOBAL     
yk-tracing: start-side-tracing: Scheduler.som:283:PUSH_GLOBAL     
yk-warning: stop-tracing-aborted: Trace too long: Scheduler.som:283:PUSH_GLOBAL     
yk-tracing: start-side-tracing: Scheduler.som:283:PUSH_GLOBAL     
yk-warning: stop-tracing-aborted: Trace too long: Scheduler.som:283:PUSH_GLOBAL     
yk-tracing: start-side-tracing: Scheduler.som:283:PUSH_GLOBAL     
yk-warning: stop-tracing-aborted: Trace too long: Scheduler.som:283:PUSH_GLOBAL     
yk-tracing: start-side-tracing: Scheduler.som:283:PUSH_GLOBAL     
yk-tracing: stop-tracing: Scheduler.som:283:PUSH_GLOBAL     
yk-tracing: start-side-tracing: Scheduler.som:283:PUSH_GLOBAL     
yk-warning: stop-tracing-aborted: Trace too long: RBObject.som:16:PUSH_GLOBAL     
yk-tracing: start-side-tracing: Scheduler.som:283:PUSH_GLOBAL     
yk-warning: stop-tracing-aborted: Trace too long: RBObject.som:16:PUSH_GLOBAL     
yk-tracing: start-side-tracing: Scheduler.som:283:PUSH_GLOBAL     
yk-tracing: stop-tracing: Scheduler.som:283:PUSH_GLOBAL     
yk-tracing: start-side-tracing: Scheduler.som:283:PUSH_GLOBAL     
yk-warning: stop-tracing-aborted: Trace too long: Scheduler.som:283:PUSH_GLOBAL     
yk-tracing: start-side-tracing: Scheduler.som:283:PUSH_GLOBAL     
yk-warning: stop-tracing-aborted: Trace too long: Scheduler.som:283:PUSH_GLOBAL     
yk-tracing: start-side-tracing: Scheduler.som:283:PUSH_GLOBAL     
yk-warning: stop-tracing-aborted: Trace too long: Scheduler.som:283:PUSH_GLOBAL     
yk-tracing: start-side-tracing: Scheduler.som:283:PUSH_GLOBAL     
yk-warning: stop-tracing-aborted: Trace too long: RBObject.som:16:PUSH_GLOBAL     
yk-tracing: start-side-tracing: Scheduler.som:283:PUSH_GLOBAL     
yk-warning: stop-tracing-aborted: Trace too long: Scheduler.som:283:PUSH_GLOBAL     
yk-tracing: start-side-tracing: Scheduler.som:283:PUSH_GLOBAL     
yk-warning: stop-tracing-aborted: Trace too long: Scheduler.som:283:PUSH_GLOBAL     
yk-tracing: start-side-tracing: Scheduler.som:283:PUSH_GLOBAL     
yk-warning: stop-tracing-aborted: Trace too long: Scheduler.som:283:PUSH_GLOBAL     
yk-tracing: start-side-tracing: Scheduler.som:283:PUSH_GLOBAL     
yk-warning: stop-tracing-aborted: Trace too long: Scheduler.som:283:PUSH_GLOBAL     
yk-tracing: start-side-tracing: Scheduler.som:283:PUSH_GLOBAL     
yk-warning: stop-tracing-aborted: Trace too long: Scheduler.som:283:PUSH_GLOBAL     
yk-tracing: start-side-tracing: Scheduler.som:283:PUSH_GLOBAL     
yk-warning: stop-tracing-aborted: Trace too long: Scheduler.som:283:PUSH_GLOBAL     
yk-tracing: start-side-tracing: Scheduler.som:283:PUSH_GLOBAL     
yk-warning: stop-tracing-aborted: Trace too long: Scheduler.som:283:PUSH_GLOBAL     
yk-tracing: start-side-tracing: Scheduler.som:283:PUSH_GLOBAL     
yk-warning: stop-tracing-aborted: Trace too long: RBObject.som:16:PUSH_GLOBAL     
yk-tracing: start-side-tracing: Scheduler.som:283:PUSH_GLOBAL     
yk-warning: stop-tracing-aborted: Trace too long: RBObject.som:16:PUSH_GLOBAL     
yk-tracing: start-side-tracing: Scheduler.som:283:PUSH_GLOBAL     
yk-tracing: stop-tracing: RBObject.som:16:PUSH_GLOBAL     
yk-tracing: start-side-tracing: Scheduler.som:283:PUSH_GLOBAL     
yk-tracing: stop-tracing: Scheduler.som:154:JUMP_IF_GREATER 
yk-tracing: start-side-tracing: Scheduler.som:283:PUSH_GLOBAL     
yk-warning: stop-tracing-aborted: Trace too long: RBObject.som:16:PUSH_GLOBAL     
yk-tracing: start-side-tracing: Scheduler.som:283:PUSH_GLOBAL     
yk-warning: stop-tracing-aborted: Trace too long: Scheduler.som:283:PUSH_GLOBAL     
yk-tracing: start-side-tracing: Scheduler.som:283:PUSH_GLOBAL     
yk-warning: stop-tracing-aborted: Trace too long: Scheduler.som:283:PUSH_GLOBAL     
yk-tracing: start-side-tracing: Scheduler.som:283:PUSH_GLOBAL     
yk-warning: stop-tracing-aborted: Trace too long: RBObject.som:16:PUSH_GLOBAL     
yk-tracing: start-side-tracing: Scheduler.som:283:PUSH_GLOBAL     
yk-warning: stop-tracing-aborted: Trace too long: Scheduler.som:283:PUSH_GLOBAL     
yk-tracing: start-side-tracing: Scheduler.som:283:PUSH_GLOBAL     
yk-warning: stop-tracing-aborted: Trace too long: Scheduler.som:283:PUSH_GLOBAL     
yk-tracing: start-side-tracing: Scheduler.som:283:PUSH_GLOBAL     
yk-warning: stop-tracing-aborted: Trace too long: Scheduler.som:283:PUSH_GLOBAL     
yk-tracing: start-side-tracing: Scheduler.som:283:PUSH_GLOBAL     
yk-warning: stop-tracing-aborted: Trace too long: Scheduler.som:283:PUSH_GLOBAL     
yk-tracing: start-side-tracing: Scheduler.som:283:PUSH_GLOBAL     
yk-warning: stop-tracing-aborted: Trace too long: Scheduler.som:283:PUSH_GLOBAL     
yk-tracing: start-side-tracing: Scheduler.som:283:PUSH_GLOBAL     
yk-warning: stop-tracing-aborted: Trace too long: Scheduler.som:283:PUSH_GLOBAL     
yk-tracing: start-side-tracing: Scheduler.som:283:PUSH_GLOBAL     
yk-warning: stop-tracing-aborted: Trace too long: Scheduler.som:283:PUSH_GLOBAL     
yk-tracing: start-side-tracing: Scheduler.som:283:PUSH_GLOBAL     
yk-warning: stop-tracing-aborted: Trace too long: RBObject.som:16:PUSH_GLOBAL     
yk-tracing: start-side-tracing: Scheduler.som:283:PUSH_GLOBAL     
yk-warning: stop-tracing-aborted: Trace too long: Scheduler.som:283:PUSH_GLOBAL     
yk-tracing: start-side-tracing: Scheduler.som:283:PUSH_GLOBAL     
yk-warning: stop-tracing-aborted: Trace too long: Scheduler.som:283:PUSH_GLOBAL     
yk-tracing: start-side-tracing: Scheduler.som:283:PUSH_GLOBAL     
yk-warning: stop-tracing-aborted: Trace too long: Scheduler.som:283:PUSH_GLOBAL     
yk-tracing: start-side-tracing: Scheduler.som:283:PUSH_GLOBAL     
yk-warning: stop-tracing-aborted: Trace too long: RBObject.som:16:PUSH_GLOBAL     
yk-tracing: start-side-tracing: Scheduler.som:283:PUSH_GLOBAL     
yk-warning: stop-tracing-aborted: Trace too long: RBObject.som:16:PUSH_GLOBAL     
yk-tracing: start-side-tracing: Scheduler.som:283:PUSH_GLOBAL     
yk-warning: stop-tracing-aborted: Trace too long: Scheduler.som:283:PUSH_GLOBAL     
yk-tracing: start-side-tracing: Scheduler.som:283:PUSH_GLOBAL     
yk-warning: stop-tracing-aborted: Trace too long: Scheduler.som:283:PUSH_GLOBAL     
yk-tracing: start-side-tracing: Scheduler.som:283:PUSH_GLOBAL     
yk-warning: stop-tracing-aborted: Trace too long: Scheduler.som:283:PUSH_GLOBAL     
yk-tracing: start-side-tracing: Scheduler.som:283:PUSH_GLOBAL     
yk-warning: stop-tracing-aborted: Trace too long: Scheduler.som:283:PUSH_GLOBAL     
yk-tracing: start-side-tracing: Scheduler.som:283:PUSH_GLOBAL     
yk-warning: stop-tracing-aborted: Trace too long: Scheduler.som:283:PUSH_GLOBAL     
yk-tracing: start-side-tracing: Scheduler.som:283:PUSH_GLOBAL     
yk-warning: stop-tracing-aborted: Trace too long: Scheduler.som:283:PUSH_GLOBAL     
yk-tracing: start-side-tracing: Scheduler.som:154:JUMP_IF_GREATER 
yk-warning: stop-tracing-aborted: Trace too long: Scheduler.som:283:PUSH_GLOBAL     
yk-tracing: start-side-tracing: Scheduler.som:283:PUSH_GLOBAL     
yk-warning: stop-tracing-aborted: Trace too long: Scheduler.som:283:PUSH_GLOBAL     
yk-tracing: start-side-tracing: Scheduler.som:283:PUSH_GLOBAL     
yk-tracing: stop-tracing: Scheduler.som:283:PUSH_GLOBAL     
yk-tracing: start-side-tracing: Scheduler.som:283:PUSH_GLOBAL     
yk-warning: stop-tracing-aborted: Trace too long: Scheduler.som:283:PUSH_GLOBAL     
yk-tracing: start-side-tracing: Scheduler.som:283:PUSH_GLOBAL     
yk-warning: stop-tracing-aborted: Trace too long: Scheduler.som:154:JUMP_IF_GREATER 
yk-tracing: start-side-tracing: Scheduler.som:283:PUSH_GLOBAL     
yk-warning: stop-tracing-aborted: Trace too long: RBObject.som:16:PUSH_GLOBAL     
yk-tracing: start-side-tracing: Scheduler.som:283:PUSH_GLOBAL     
yk-warning: stop-tracing-aborted: Trace too long: Scheduler.som:283:PUSH_GLOBAL     
yk-tracing: start-side-tracing: Scheduler.som:283:PUSH_GLOBAL     
yk-warning: stop-tracing-aborted: Trace too long: Scheduler.som:283:PUSH_GLOBAL     
yk-tracing: start-side-tracing: Scheduler.som:283:PUSH_GLOBAL     
yk-warning: stop-tracing-aborted: Trace too long: Scheduler.som:283:PUSH_GLOBAL     
yk-tracing: start-side-tracing: Scheduler.som:283:PUSH_GLOBAL     
yk-warning: stop-tracing-aborted: Trace too long: Scheduler.som:283:PUSH_GLOBAL     
yk-tracing: start-side-tracing: Scheduler.som:283:PUSH_GLOBAL     
yk-warning: stop-tracing-aborted: Trace too long: RBObject.som:16:PUSH_GLOBAL     
yk-tracing: start-side-tracing: Scheduler.som:283:PUSH_GLOBAL     
yk-warning: stop-tracing-aborted: Trace too long: Scheduler.som:283:PUSH_GLOBAL     
yk-tracing: start-side-tracing: Scheduler.som:283:PUSH_GLOBAL     
yk-warning: stop-tracing-aborted: Trace too long: Scheduler.som:283:PUSH_GLOBAL     
yk-tracing: start-side-tracing: Scheduler.som:283:PUSH_GLOBAL     
yk-warning: stop-tracing-aborted: Trace too long: RBObject.som:16:PUSH_GLOBAL     
yk-tracing: start-side-tracing: Scheduler.som:283:PUSH_GLOBAL     
yk-tracing: stop-tracing: Benchmark.som:27:JUMP_IF_GREATER 
yk-tracing: start-tracing: Benchmark.som:27:JUMP_IF_GREATER 
yk-warning: stop-tracing-aborted: Trace too long: Scheduler.som:283:PUSH_GLOBAL     
yk-tracing: start-side-tracing: Scheduler.som:283:PUSH_GLOBAL     
yk-tracing: stop-tracing: Scheduler.som:154:JUMP_IF_GREATER 
yk-tracing: start-side-tracing: Scheduler.som:283:PUSH_GLOBAL     
yk-tracing: stop-tracing: Scheduler.som:283:PUSH_GLOBAL     
yk-tracing: start-side-tracing: Scheduler.som:283:PUSH_GLOBAL     
yk-warning: stop-tracing-aborted: Trace too long: RBObject.som:16:PUSH_GLOBAL     
yk-tracing: start-side-tracing: Scheduler.som:283:PUSH_GLOBAL     
yk-warning: stop-tracing-aborted: Trace too long: Scheduler.som:283:PUSH_GLOBAL     
yk-tracing: start-side-tracing: Scheduler.som:283:PUSH_GLOBAL     
yk-warning: stop-tracing-aborted: Trace too long: Scheduler.som:283:PUSH_GLOBAL     
yk-tracing: start-side-tracing: Scheduler.som:283:PUSH_GLOBAL     
yk-warning: stop-tracing-aborted: Trace too long: Scheduler.som:283:PUSH_GLOBAL     
yk-tracing: start-side-tracing: Scheduler.som:283:PUSH_GLOBAL     
yk-warning: stop-tracing-aborted: Trace too long: Scheduler.som:283:PUSH_GLOBAL     
yk-tracing: start-side-tracing: Scheduler.som:283:PUSH_GLOBAL     
yk-tracing: stop-tracing: Scheduler.som:283:PUSH_GLOBAL     
yk-tracing: start-side-tracing: Scheduler.som:283:PUSH_GLOBAL     
yk-warning: stop-tracing-aborted: Trace too long: Scheduler.som:154:JUMP_IF_GREATER 
yk-tracing: start-side-tracing: Scheduler.som:283:PUSH_GLOBAL     
yk-warning: stop-tracing-aborted: Trace too long: Scheduler.som:154:JUMP_IF_GREATER 
yk-tracing: start-side-tracing: Scheduler.som:283:PUSH_GLOBAL     
yk-warning: stop-tracing-aborted: Trace too long: Scheduler.som:283:PUSH_GLOBAL     
yk-tracing: start-side-tracing: Scheduler.som:283:PUSH_GLOBAL     
yk-warning: stop-tracing-aborted: Trace too long: Scheduler.som:283:PUSH_GLOBAL     
yk-tracing: start-side-tracing: Scheduler.som:283:PUSH_GLOBAL     
yk-warning: stop-tracing-aborted: Trace too long: Scheduler.som:283:PUSH_GLOBAL     
yk-tracing: start-side-tracing: Scheduler.som:283:PUSH_GLOBAL     
yk-warning: stop-tracing-aborted: Trace too long: RBObject.som:16:PUSH_GLOBAL     
yk-tracing: start-side-tracing: Scheduler.som:283:PUSH_GLOBAL     
yk-warning: stop-tracing-aborted: Trace too long: Scheduler.som:283:PUSH_GLOBAL     
yk-tracing: start-side-tracing: Scheduler.som:283:PUSH_GLOBAL     
yk-warning: stop-tracing-aborted: Trace too long: Scheduler.som:283:PUSH_GLOBAL     
yk-tracing: start-side-tracing: Scheduler.som:283:PUSH_GLOBAL     
yk-warning: stop-tracing-aborted: Trace too long: Scheduler.som:283:PUSH_GLOBAL     
yk-tracing: start-side-tracing: Scheduler.som:283:PUSH_GLOBAL     
yk-warning: stop-tracing-aborted: Trace too long: Scheduler.som:283:PUSH_GLOBAL     
yk-tracing: start-side-tracing: Scheduler.som:283:PUSH_GLOBAL     
yk-tracing: stop-tracing: Scheduler.som:283:PUSH_GLOBAL     
yk-tracing: start-side-tracing: Scheduler.som:283:PUSH_GLOBAL     
yk-warning: stop-tracing-aborted: Trace too long: RBObject.som:16:PUSH_GLOBAL     
yk-tracing: start-side-tracing: Scheduler.som:154:JUMP_IF_GREATER 
yk-warning: stop-tracing-aborted: Trace too long: Scheduler.som:283:PUSH_GLOBAL     
yk-tracing: start-side-tracing: Scheduler.som:283:PUSH_GLOBAL     
yk-warning: stop-tracing-aborted: Trace too long: RBObject.som:16:PUSH_GLOBAL     
yk-tracing: start-side-tracing: Scheduler.som:283:PUSH_GLOBAL     
yk-warning: stop-tracing-aborted: Trace too long: RBObject.som:16:PUSH_GLOBAL     
yk-tracing: start-side-tracing: Scheduler.som:283:PUSH_GLOBAL     
yk-tracing: stop-tracing: Scheduler.som:154:JUMP_IF_GREATER 
yk-tracing: start-side-tracing: Scheduler.som:283:PUSH_GLOBAL     
yk-warning: stop-tracing-aborted: Trace too long: Scheduler.som:283:PUSH_GLOBAL     
yk-tracing: start-side-tracing: Scheduler.som:283:PUSH_GLOBAL     
yk-warning: stop-tracing-aborted: Trace too long: Scheduler.som:283:PUSH_GLOBAL     
yk-tracing: start-side-tracing: Scheduler.som:283:PUSH_GLOBAL     
yk-warning: stop-tracing-aborted: Trace too long: Scheduler.som:283:PUSH_GLOBAL     
yk-tracing: start-side-tracing: Scheduler.som:283:PUSH_GLOBAL     
yk-warning: stop-tracing-aborted: Trace too long: RBObject.som:16:PUSH_GLOBAL     
yk-tracing: start-side-tracing: Scheduler.som:283:PUSH_GLOBAL     
yk-warning: stop-tracing-aborted: Trace too long: RBObject.som:16:PUSH_GLOBAL     
yk-tracing: start-side-tracing: Scheduler.som:283:PUSH_GLOBAL     
yk-warning: stop-tracing-aborted: Trace too long: Scheduler.som:283:PUSH_GLOBAL     
yk-tracing: start-side-tracing: Scheduler.som:283:PUSH_GLOBAL     
yk-warning: stop-tracing-aborted: Trace too long: Scheduler.som:283:PUSH_GLOBAL     
yk-tracing: start-side-tracing: Scheduler.som:283:PUSH_GLOBAL     
yk-warning: stop-tracing-aborted: Trace too long: Scheduler.som:283:PUSH_GLOBAL     
yk-tracing: start-side-tracing: Scheduler.som:283:PUSH_GLOBAL     
yk-warning: stop-tracing-aborted: Trace too long: RBObject.som:16:PUSH_GLOBAL     
yk-tracing: start-side-tracing: Scheduler.som:154:JUMP_IF_GREATER 
yk-warning: stop-tracing-aborted: Trace too long: Scheduler.som:154:JUMP_IF_GREATER 
yk-tracing: start-side-tracing: Scheduler.som:283:PUSH_GLOBAL     
yk-warning: stop-tracing-aborted: Trace too long: Scheduler.som:283:PUSH_GLOBAL     
yk-tracing: start-side-tracing: Scheduler.som:283:PUSH_GLOBAL     
yk-warning: stop-tracing-aborted: Trace too long: Scheduler.som:283:PUSH_GLOBAL     
yk-tracing: start-side-tracing: Scheduler.som:283:PUSH_GLOBAL     
yk-tracing: stop-tracing: Benchmark.som:27:JUMP_IF_GREATER 
yk-tracing: start-side-tracing: Scheduler.som:283:PUSH_GLOBAL     
yk-warning: stop-tracing-aborted: Trace too long: Scheduler.som:283:PUSH_GLOBAL     
yk-tracing: start-side-tracing: Scheduler.som:283:PUSH_GLOBAL     
yk-warning: stop-tracing-aborted: Trace too long: Scheduler.som:283:PUSH_GLOBAL     
yk-tracing: start-side-tracing: Scheduler.som:154:JUMP_IF_GREATER 
yk-warning: stop-tracing-aborted: Trace too long: Scheduler.som:283:PUSH_GLOBAL     
yk-tracing: start-side-tracing: Scheduler.som:283:PUSH_GLOBAL     
yk-warning: stop-tracing-aborted: Trace too long: Scheduler.som:283:PUSH_GLOBAL     
yk-tracing: start-side-tracing: Scheduler.som:283:PUSH_GLOBAL     
yk-warning: stop-tracing-aborted: Trace too long: Scheduler.som:283:PUSH_GLOBAL     
yk-tracing: start-side-tracing: Scheduler.som:283:PUSH_GLOBAL     
yk-warning: stop-tracing-aborted: Trace too long: RBObject.som:16:PUSH_GLOBAL     
yk-tracing: start-side-tracing: Scheduler.som:283:PUSH_GLOBAL     
yk-warning: stop-tracing-aborted: Trace too long: Scheduler.som:283:PUSH_GLOBAL     
yk-tracing: start-side-tracing: Scheduler.som:283:PUSH_GLOBAL     
yk-warning: stop-tracing-aborted: Trace too long: Scheduler.som:283:PUSH_GLOBAL     
yk-tracing: start-side-tracing: Scheduler.som:283:PUSH_GLOBAL     
yk-warning: stop-tracing-aborted: Trace too long: RBObject.som:16:PUSH_GLOBAL     
yk-tracing: start-side-tracing: Scheduler.som:283:PUSH_GLOBAL     
yk-warning: stop-tracing-aborted: Trace too long: Scheduler.som:283:PUSH_GLOBAL     
yk-tracing: start-side-tracing: Scheduler.som:154:JUMP_IF_GREATER 
yk-warning: stop-tracing-aborted: Trace too long: Scheduler.som:283:PUSH_GLOBAL     
yk-tracing: start-side-tracing: Scheduler.som:154:JUMP_IF_GREATER 
yk-tracing: stop-tracing: Scheduler.som:283:PUSH_GLOBAL     
yk-tracing: start-side-tracing: Scheduler.som:154:JUMP_IF_GREATER 
yk-warning: stop-tracing-aborted: Trace too long: Scheduler.som:154:JUMP_IF_GREATER 
yk-tracing: start-side-tracing: Scheduler.som:283:PUSH_GLOBAL     
yk-warning: stop-tracing-aborted: Trace too long: Scheduler.som:283:PUSH_GLOBAL     
yk-tracing: start-side-tracing: Scheduler.som:283:PUSH_GLOBAL     
yk-warning: stop-tracing-aborted: Trace too long: Scheduler.som:283:PUSH_GLOBAL     
yk-tracing: start-side-tracing: Scheduler.som:283:PUSH_GLOBAL     
yk-warning: stop-tracing-aborted: Trace too long: Scheduler.som:283:PUSH_GLOBAL     
yk-tracing: start-side-tracing: Scheduler.som:283:PUSH_GLOBAL     
yk-warning: stop-tracing-aborted: Trace too long: RBObject.som:16:PUSH_GLOBAL     
yk-tracing: start-side-tracing: Scheduler.som:283:PUSH_GLOBAL     
yk-warning: stop-tracing-aborted: Trace too long: RBObject.som:16:PUSH_GLOBAL     
yk-tracing: start-side-tracing: Scheduler.som:283:PUSH_GLOBAL     
yk-warning: stop-tracing-aborted: Trace too long: RBObject.som:16:PUSH_GLOBAL     
yk-tracing: start-side-tracing: Scheduler.som:283:PUSH_GLOBAL     
yk-warning: stop-tracing-aborted: Trace too long: Scheduler.som:283:PUSH_GLOBAL     
yk-tracing: start-side-tracing: Scheduler.som:154:JUMP_IF_GREATER 
yk-warning: stop-tracing-aborted: Trace too long: Scheduler.som:283:PUSH_GLOBAL     
yk-tracing: start-side-tracing: Scheduler.som:283:PUSH_GLOBAL     
yk-warning: stop-tracing-aborted: Trace too long: RBObject.som:16:PUSH_GLOBAL     
yk-tracing: start-side-tracing: Scheduler.som:154:JUMP_IF_GREATER 
yk-warning: stop-tracing-aborted: Trace too long: Scheduler.som:154:JUMP_IF_GREATER 
yk-tracing: start-side-tracing: Scheduler.som:283:PUSH_GLOBAL     
yk-warning: stop-tracing-aborted: Trace too long: Scheduler.som:283:PUSH_GLOBAL     
yk-tracing: start-side-tracing: Scheduler.som:283:PUSH_GLOBAL     
yk-warning: stop-tracing-aborted: Trace too long: Scheduler.som:283:PUSH_GLOBAL     
yk-tracing: start-side-tracing: Scheduler.som:154:JUMP_IF_GREATER 
yk-warning: stop-tracing-aborted: Trace too long: Scheduler.som:154:JUMP_IF_GREATER 
yk-tracing: start-side-tracing: Scheduler.som:154:JUMP_IF_GREATER 
yk-warning: stop-tracing-aborted: Trace too long: Scheduler.som:283:PUSH_GLOBAL     
yk-tracing: start-side-tracing: Scheduler.som:283:PUSH_GLOBAL     
yk-warning: stop-tracing-aborted: Trace too long: RBObject.som:16:PUSH_GLOBAL     
yk-tracing: start-side-tracing: Scheduler.som:283:PUSH_GLOBAL     
yk-warning: stop-tracing-aborted: Trace too long: Scheduler.som:283:PUSH_GLOBAL     
yk-tracing: start-side-tracing: Scheduler.som:283:PUSH_GLOBAL     
yk-warning: stop-tracing-aborted: Trace too long: Scheduler.som:283:PUSH_GLOBAL     
yk-tracing: start-side-tracing: Scheduler.som:283:PUSH_GLOBAL     
yk-warning: stop-tracing-aborted: Trace too long: RBObject.som:16:PUSH_GLOBAL     
yk-tracing: start-side-tracing: Scheduler.som:283:PUSH_GLOBAL     
yk-warning: stop-tracing-aborted: Trace too long: Scheduler.som:283:PUSH_GLOBAL     
yk-tracing: start-side-tracing: Scheduler.som:154:JUMP_IF_GREATER 
yk-warning: stop-tracing-aborted: Trace too long: Scheduler.som:154:JUMP_IF_GREATER 
yk-tracing: start-side-tracing: Scheduler.som:283:PUSH_GLOBAL     
yk-warning: stop-tracing-aborted: Trace too long: Scheduler.som:283:PUSH_GLOBAL     
yk-tracing: start-side-tracing: Scheduler.som:283:PUSH_GLOBAL     
yk-warning: stop-tracing-aborted: Trace too long: Scheduler.som:283:PUSH_GLOBAL     
yk-tracing: start-side-tracing: Scheduler.som:283:PUSH_GLOBAL     
yk-warning: stop-tracing-aborted: Trace too long: Scheduler.som:283:PUSH_GLOBAL     
yk-tracing: start-side-tracing: Scheduler.som:154:JUMP_IF_GREATER 
yk-warning: stop-tracing-aborted: Trace too long: Scheduler.som:154:JUMP_IF_GREATER 
yk-tracing: start-side-tracing: Scheduler.som:283:PUSH_GLOBAL     
yk-warning: stop-tracing-aborted: Trace too long: Scheduler.som:283:PUSH_GLOBAL     
yk-tracing: start-side-tracing: Scheduler.som:283:PUSH_GLOBAL     
yk-warning: stop-tracing-aborted: Trace too long: RBObject.som:16:PUSH_GLOBAL     
yk-tracing: start-side-tracing: Scheduler.som:283:PUSH_GLOBAL     
yk-warning: stop-tracing-aborted: Trace too long: Scheduler.som:283:PUSH_GLOBAL     
yk-tracing: start-side-tracing: Scheduler.som:283:PUSH_GLOBAL     
yk-warning: stop-tracing-aborted: Trace too long: Scheduler.som:283:PUSH_GLOBAL     
yk-tracing: start-side-tracing: Scheduler.som:154:JUMP_IF_GREATER 
yk-warning: stop-tracing-aborted: Trace too long: Scheduler.som:154:JUMP_IF_GREATER 
yk-tracing: start-side-tracing: Scheduler.som:283:PUSH_GLOBAL     
yk-warning: stop-tracing-aborted: Trace too long: Scheduler.som:283:PUSH_GLOBAL     
yk-tracing: start-side-tracing: Scheduler.som:283:PUSH_GLOBAL     
yk-warning: stop-tracing-aborted: Trace too long: Scheduler.som:283:PUSH_GLOBAL     
yk-tracing: start-side-tracing: Scheduler.som:283:PUSH_GLOBAL     
yk-warning: stop-tracing-aborted: Trace too long: Scheduler.som:283:PUSH_GLOBAL     
yk-tracing: start-side-tracing: Scheduler.som:283:PUSH_GLOBAL     
yk-warning: stop-tracing-aborted: Trace too long: Scheduler.som:283:PUSH_GLOBAL     
yk-tracing: start-side-tracing: Scheduler.som:283:PUSH_GLOBAL     
yk-warning: stop-tracing-aborted: Trace too long: Scheduler.som:283:PUSH_GLOBAL     
yk-tracing: start-side-tracing: Scheduler.som:283:PUSH_GLOBAL     
yk-warning: stop-tracing-aborted: Trace too long: Scheduler.som:283:PUSH_GLOBAL     
yk-tracing: start-side-tracing: Scheduler.som:283:PUSH_GLOBAL     
yk-warning: stop-tracing-aborted: Trace too long: Scheduler.som:283:PUSH_GLOBAL     
yk-tracing: start-side-tracing: Scheduler.som:283:PUSH_GLOBAL     
yk-warning: stop-tracing-aborted: Trace too long: Scheduler.som:283:PUSH_GLOBAL     
yk-tracing: start-side-tracing: Scheduler.som:154:JUMP_IF_GREATER 
yk-warning: stop-tracing-aborted: Trace too long: Scheduler.som:154:JUMP_IF_GREATER 
yk-tracing: start-side-tracing: Scheduler.som:283:PUSH_GLOBAL     
yk-warning: stop-tracing-aborted: Trace too long: RBObject.som:16:PUSH_GLOBAL     
yk-tracing: start-side-tracing: Scheduler.som:283:PUSH_GLOBAL     
yk-warning: stop-tracing-aborted: Trace too long: Scheduler.som:283:PUSH_GLOBAL     
yk-tracing: start-side-tracing: Scheduler.som:283:PUSH_GLOBAL     
yk-warning: stop-tracing-aborted: Trace too long: RBObject.som:16:PUSH_GLOBAL     
yk-tracing: start-side-tracing: Scheduler.som:283:PUSH_GLOBAL     
yk-warning: stop-tracing-aborted: Trace too long: RBObject.som:16:PUSH_GLOBAL     
yk-tracing: start-side-tracing: Scheduler.som:283:PUSH_GLOBAL     
yk-warning: stop-tracing-aborted: Trace too long: RBObject.som:16:PUSH_GLOBAL     
yk-tracing: start-side-tracing: Scheduler.som:154:JUMP_IF_GREATER 
yk-warning: stop-tracing-aborted: Trace too long: Scheduler.som:154:JUMP_IF_GREATER 
yk-tracing: start-side-tracing: Scheduler.som:283:PUSH_GLOBAL     
yk-warning: stop-tracing-aborted: Trace too long: Scheduler.som:283:PUSH_GLOBAL     
yk-tracing: start-side-tracing: Scheduler.som:283:PUSH_GLOBAL     
yk-warning: stop-tracing-aborted: Trace too long: Scheduler.som:283:PUSH_GLOBAL     
yk-tracing: start-side-tracing: Scheduler.som:283:PUSH_GLOBAL     
yk-warning: stop-tracing-aborted: Trace too long: Scheduler.som:283:PUSH_GLOBAL     
yk-tracing: start-side-tracing: Scheduler.som:283:PUSH_GLOBAL     
yk-warning: stop-tracing-aborted: Trace too long: RBObject.som:16:PUSH_GLOBAL     
yk-tracing: start-side-tracing: Scheduler.som:283:PUSH_GLOBAL     
yk-warning: stop-tracing-aborted: Trace too long: Scheduler.som:283:PUSH_GLOBAL     
yk-tracing: start-side-tracing: Scheduler.som:283:PUSH_GLOBAL     
yk-warning: stop-tracing-aborted: Trace too long: Scheduler.som:283:PUSH_GLOBAL     
yk-tracing: start-side-tracing: Scheduler.som:283:PUSH_GLOBAL     
yk-warning: stop-tracing-aborted: Trace too long: Scheduler.som:283:PUSH_GLOBAL     
yk-tracing: start-side-tracing: Scheduler.som:154:JUMP_IF_GREATER 
yk-warning: stop-tracing-aborted: Trace too long: Scheduler.som:154:JUMP_IF_GREATER 
yk-tracing: start-side-tracing: Scheduler.som:283:PUSH_GLOBAL     
yk-warning: stop-tracing-aborted: Trace too long: Scheduler.som:283:PUSH_GLOBAL     
yk-tracing: start-side-tracing: Scheduler.som:283:PUSH_GLOBAL     
yk-warning: stop-tracing-aborted: Trace too long: RBObject.som:16:PUSH_GLOBAL     
yk-tracing: start-side-tracing: Scheduler.som:283:PUSH_GLOBAL     
yk-warning: stop-tracing-aborted: Trace too long: RBObject.som:16:PUSH_GLOBAL     
yk-tracing: start-side-tracing: Scheduler.som:154:JUMP_IF_GREATER 
yk-warning: stop-tracing-aborted: Trace too long: Scheduler.som:154:JUMP_IF_GREATER 
yk-tracing: start-side-tracing: Scheduler.som:154:JUMP_IF_GREATER 
yk-warning: stop-tracing-aborted: Trace too long: Scheduler.som:154:JUMP_IF_GREATER 
yk-tracing: start-side-tracing: Scheduler.som:283:PUSH_GLOBAL     
yk-warning: stop-tracing-aborted: Trace too long: Scheduler.som:283:PUSH_GLOBAL     
yk-tracing: start-side-tracing: Scheduler.som:283:PUSH_GLOBAL     
yk-warning: stop-tracing-aborted: Trace too long: Scheduler.som:283:PUSH_GLOBAL     
yk-tracing: start-side-tracing: Scheduler.som:283:PUSH_GLOBAL     
yk-warning: stop-tracing-aborted: Trace too long: RBObject.som:16:PUSH_GLOBAL     
yk-tracing: start-side-tracing: Scheduler.som:154:JUMP_IF_GREATER 
yk-warning: stop-tracing-aborted: Trace too long: Scheduler.som:154:JUMP_IF_GREATER 
yk-tracing: start-side-tracing: Scheduler.som:283:PUSH_GLOBAL     
yk-warning: stop-tracing-aborted: Trace too long: Scheduler.som:283:PUSH_GLOBAL     
yk-tracing: start-side-tracing: Scheduler.som:283:PUSH_GLOBAL     
yk-warning: stop-tracing-aborted: Trace too long: Scheduler.som:283:PUSH_GLOBAL     
yk-tracing: start-side-tracing: Scheduler.som:283:PUSH_GLOBAL     
yk-warning: stop-tracing-aborted: Trace too long: Scheduler.som:283:PUSH_GLOBAL     
yk-tracing: start-side-tracing: Scheduler.som:283:PUSH_GLOBAL     
yk-warning: stop-tracing-aborted: Trace too long: Scheduler.som:283:PUSH_GLOBAL     
yk-tracing: start-side-tracing: Scheduler.som:283:PUSH_GLOBAL     
yk-warning: stop-tracing-aborted: Trace too long: Scheduler.som:283:PUSH_GLOBAL     
yk-tracing: start-side-tracing: Scheduler.som:283:PUSH_GLOBAL     
yk-warning: stop-tracing-aborted: Trace too long: Scheduler.som:283:PUSH_GLOBAL     
yk-tracing: start-side-tracing: Scheduler.som:283:PUSH_GLOBAL     
yk-warning: stop-tracing-aborted: Trace too long: Scheduler.som:283:PUSH_GLOBAL     
yk-tracing: start-side-tracing: Scheduler.som:283:PUSH_GLOBAL     
yk-warning: stop-tracing-aborted: Trace too long: Scheduler.som:283:PUSH_GLOBAL     
yk-tracing: start-side-tracing: Scheduler.som:283:PUSH_GLOBAL     
yk-warning: stop-tracing-aborted: Trace too long: Scheduler.som:283:PUSH_GLOBAL     
yk-tracing: start-side-tracing: Scheduler.som:283:PUSH_GLOBAL     
yk-warning: stop-tracing-aborted: Trace too long: Scheduler.som:283:PUSH_GLOBAL     
yk-tracing: start-side-tracing: Scheduler.som:283:PUSH_GLOBAL     
yk-warning: stop-tracing-aborted: Trace too long: RBObject.som:16:PUSH_GLOBAL     
yk-tracing: start-side-tracing: Scheduler.som:283:PUSH_GLOBAL     
yk-warning: stop-tracing-aborted: Trace too long: RBObject.som:16:PUSH_GLOBAL     
yk-tracing: start-side-tracing: Scheduler.som:283:PUSH_GLOBAL     
yk-warning: stop-tracing-aborted: Trace too long: RBObject.som:16:PUSH_GLOBAL     
yk-tracing: start-side-tracing: Scheduler.som:283:PUSH_GLOBAL     
yk-warning: stop-tracing-aborted: Trace too long: Scheduler.som:283:PUSH_GLOBAL     
yk-tracing: start-side-tracing: Scheduler.som:154:JUMP_IF_GREATER 
yk-warning: stop-tracing-aborted: Trace too long: Scheduler.som:154:JUMP_IF_GREATER 
yk-tracing: start-side-tracing: Scheduler.som:283:PUSH_GLOBAL     
yk-warning: stop-tracing-aborted: Trace too long: Scheduler.som:283:PUSH_GLOBAL     
yk-tracing: start-side-tracing: Scheduler.som:154:JUMP_IF_GREATER 
yk-warning: stop-tracing-aborted: Trace too long: Scheduler.som:154:JUMP_IF_GREATER 
yk-tracing: start-side-tracing: RBObject.som:16:PUSH_GLOBAL     
yk-warning: stop-tracing-aborted: Trace too long: Scheduler.som:283:PUSH_GLOBAL     
yk-tracing: start-side-tracing: Scheduler.som:283:PUSH_GLOBAL     
yk-warning: stop-tracing-aborted: Trace too long: Scheduler.som:283:PUSH_GLOBAL     
yk-tracing: start-side-tracing: Scheduler.som:154:JUMP_IF_GREATER 
yk-warning: stop-tracing-aborted: Trace too long: Scheduler.som:154:JUMP_IF_GREATER 
yk-tracing: start-side-tracing: Scheduler.som:154:JUMP_IF_GREATER 
yk-warning: stop-tracing-aborted: Trace too long: Scheduler.som:154:JUMP_IF_GREATER 
yk-tracing: start-side-tracing: Scheduler.som:283:PUSH_GLOBAL     
yk-warning: stop-tracing-aborted: Trace too long: Scheduler.som:283:PUSH_GLOBAL     
yk-tracing: start-side-tracing: Scheduler.som:283:PUSH_GLOBAL     
yk-warning: stop-tracing-aborted: Trace too long: RBObject.som:16:PUSH_GLOBAL     
yk-tracing: start-side-tracing: Scheduler.som:283:PUSH_GLOBAL     
yk-warning: stop-tracing-aborted: Trace too long: Scheduler.som:283:PUSH_GLOBAL     
yk-tracing: start-side-tracing: Scheduler.som:283:PUSH_GLOBAL     
yk-warning: stop-tracing-aborted: Trace too long: RBObject.som:16:PUSH_GLOBAL     
yk-tracing: start-side-tracing: Scheduler.som:154:JUMP_IF_GREATER 
yk-warning: stop-tracing-aborted: Trace too long: Scheduler.som:154:JUMP_IF_GREATER 
yk-tracing: start-side-tracing: Scheduler.som:283:PUSH_GLOBAL     
yk-warning: stop-tracing-aborted: Trace too long: RBObject.som:16:PUSH_GLOBAL     
yk-tracing: start-side-tracing: Scheduler.som:283:PUSH_GLOBAL     
yk-warning: stop-tracing-aborted: Trace too long: Scheduler.som:283:PUSH_GLOBAL     
yk-tracing: start-side-tracing: Scheduler.som:154:JUMP_IF_GREATER 
yk-warning: stop-tracing-aborted: Trace too long: Scheduler.som:154:JUMP_IF_GREATER 
yk-tracing: start-side-tracing: Scheduler.som:283:PUSH_GLOBAL     
yk-warning: stop-tracing-aborted: Trace too long: Scheduler.som:283:PUSH_GLOBAL     
yk-tracing: start-side-tracing: Scheduler.som:283:PUSH_GLOBAL     
yk-warning: stop-tracing-aborted: Trace too long: Scheduler.som:283:PUSH_GLOBAL     
yk-tracing: start-side-tracing: Scheduler.som:283:PUSH_GLOBAL     
yk-warning: stop-tracing-aborted: Trace too long: Scheduler.som:283:PUSH_GLOBAL     
yk-tracing: start-side-tracing: Scheduler.som:283:PUSH_GLOBAL     
yk-warning: stop-tracing-aborted: Trace too long: Scheduler.som:283:PUSH_GLOBAL     
