yk-tracing: start-tracing: Sieve.som:47:PUSH_LOCAL_2    
yk-tracing: stop-tracing: Sieve.som:47:PUSH_LOCAL_2    
yk-tracing: start-side-tracing: Sieve.som:47:PUSH_LOCAL_2    
yk-tracing: stop-tracing: Sieve.som:47:JUMP_IF_GREATER 
yk-tracing: start-tracing: Sieve.som:47:JUMP_IF_GREATER 
yk-tracing: stop-tracing: Sieve.som:47:JUMP_IF_GREATER 
yk-tracing: start-side-tracing: Sieve.som:47:JUMP_IF_GREATER 
yk-tracing: stop-tracing: Sieve.som:47:PUSH_LOCAL_2    
yk-tracing: start-side-tracing: Sieve.som:47:PUSH_LOCAL_2    
yk-tracing: stop-tracing: Sieve.som:47:JUMP_IF_GREATER 
yk-tracing: start-side-tracing: Sieve.som:47:JUMP_IF_GREATER 
yk-tracing: stop-tracing: Sieve.som:47:PUSH_LOCAL_2    
yk-tracing: start-side-tracing: Sieve.som:47:JUMP_IF_GREATER 
yk-tracing: stop-tracing
yk-tracing: start-tracing
yk-warning: stop-tracing-aborted: Trace too long: Sieve.som:47:JUMP_IF_GREATER 
yk-tracing: start-side-tracing: Sieve.som:47:JUMP_IF_GREATER 
yk-tracing: stop-tracing
yk-tracing: start-side-tracing: Sieve.som:47:PUSH_LOCAL_2    
yk-warning: stop-tracing-aborted: Trace too long: Sieve.som:47:PUSH_LOCAL_2    
yk-tracing: start-side-tracing: Sieve.som:47:PUSH_LOCAL_2    
yk-warning: stop-tracing-aborted: Trace too long: Sieve.som:47:PUSH_LOCAL_2    
yk-tracing: start-side-tracing: Sieve.som:47:PUSH_LOCAL_2    
yk-warning: stop-tracing-aborted: Trace too long: Sieve.som:47:PUSH_LOCAL_2    
yk-tracing: start-side-tracing: Sieve.som:47:PUSH_LOCAL_2    
yk-warning: stop-tracing-aborted: Trace too long: Sieve.som:47:PUSH_LOCAL_2    
yk-tracing: start-side-tracing: Sieve.som:47:PUSH_LOCAL_2    
yk-warning: stop-tracing-aborted: Trace too long: Sieve.som:47:PUSH_LOCAL_2    
yk-tracing: start-side-tracing: Sieve.som:47:PUSH_LOCAL_2    
yk-warning: stop-tracing-aborted: Trace too long: Sieve.som:47:PUSH_LOCAL_2    
yk-tracing: start-side-tracing: Sieve.som:47:JUMP_IF_GREATER 
yk-warning: stop-tracing-aborted: Trace too long: Sieve.som:47:JUMP_IF_GREATER 
yk-tracing: start-side-tracing: Sieve.som:47:JUMP_IF_GREATER 
yk-warning: stop-tracing-aborted: Trace too long: Sieve.som:47:JUMP_IF_GREATER 
yk-tracing: start-side-tracing: Sieve.som:47:PUSH_LOCAL_2    
yk-warning: stop-tracing-aborted: Trace too long: Sieve.som:47:PUSH_LOCAL_2    
yk-tracing: start-side-tracing: Sieve.som:47:PUSH_LOCAL_2    
yk-warning: stop-tracing-aborted: Trace too long: Sieve.som:47:PUSH_LOCAL_2    
yk-tracing: start-side-tracing: Sieve.som:47:PUSH_LOCAL_2    
yk-warning: stop-tracing-aborted: Trace too long: Sieve.som:47:PUSH_LOCAL_2    
yk-tracing: start-side-tracing: Sieve.som:47:JUMP_IF_GREATER 
yk-warning: stop-tracing-aborted: Trace too long: Sieve.som:47:JUMP_IF_GREATER 
yk-tracing: start-side-tracing: Sieve.som:47:PUSH_LOCAL_2    
yk-warning: stop-tracing-aborted: Trace too long: Sieve.som:47:PUSH_LOCAL_2    
yk-tracing: start-side-tracing: Sieve.som:47:PUSH_LOCAL_2    
yk-warning: stop-tracing-aborted: Trace too long: Sieve.som:47:PUSH_LOCAL_2    
yk-tracing: start-side-tracing: Sieve.som:47:PUSH_LOCAL_2    
yk-warning: stop-tracing-aborted: Trace too long: Sieve.som:47:JUMP_IF_GREATER 
yk-tracing: start-side-tracing: Sieve.som:47:PUSH_LOCAL_2    
yk-warning: stop-tracing-aborted: Trace too long: Sieve.som:47:PUSH_LOCAL_2    
yk-tracing: start-side-tracing: Sieve.som:47:JUMP_IF_GREATER 
yk-warning: stop-tracing-aborted: Trace too long: Sieve.som:47:JUMP_IF_GREATER 
yk-tracing: start-side-tracing: Sieve.som:47:PUSH_LOCAL_2    
yk-warning: stop-tracing-aborted: Trace too long: Sieve.som:47:PUSH_LOCAL_2    
yk-tracing: start-side-tracing: Sieve.som:47:JUMP_IF_GREATER 
yk-warning: stop-tracing-aborted: Trace too long: Sieve.som:47:JUMP_IF_GREATER 
yk-tracing: start-side-tracing: Sieve.som:47:JUMP_IF_GREATER 
yk-warning: stop-tracing-aborted: Trace too long: Sieve.som:47:JUMP_IF_GREATER 
yk-tracing: start-tracing
yk-warning: stop-tracing-aborted: Trace too long: Sieve.som:47:JUMP_IF_GREATER 
yk-tracing: start-tracing: Benchmark.som:27:JUMP_IF_GREATER 
yk-tracing: stop-tracing
yk-tracing: start-tracing
yk-tracing: stop-tracing: Sieve.som:47:JUMP_IF_GREATER 
yk-tracing: start-side-tracing: Sieve.som:47:JUMP_IF_GREATER 
yk-warning: stop-tracing-aborted: Trace too long: Sieve.som:47:JUMP_IF_GREATER 
yk-tracing: start-side-tracing: Sieve.som:47:JUMP_IF_GREATER 
yk-warning: stop-tracing-aborted: Trace too long: Sieve.som:47:JUMP_IF_GREATER 
yk-tracing: start-side-tracing: Sieve.som:47:JUMP_IF_GREATER 
yk-warning: stop-tracing-aborted: Trace too long: Sieve.som:47:JUMP_IF_GREATER 
yk-tracing: start-side-tracing: Sieve.som:47:PUSH_LOCAL_2    
yk-warning: stop-tracing-aborted: Trace too long: Sieve.som:47:JUMP_IF_GREATER 
yk-tracing: start-side-tracing: Sieve.som:47:PUSH_LOCAL_2    
yk-warning: stop-tracing-aborted: Trace too long: Sieve.som:47:PUSH_LOCAL_2    
yk-tracing: start-side-tracing: Sieve.som:47:JUMP_IF_GREATER 
yk-warning: stop-tracing-aborted: Trace too long: Sieve.som:47:JUMP_IF_GREATER 
yk-tracing: start-side-tracing: Sieve.som:47:JUMP_IF_GREATER 
yk-warning: stop-tracing-aborted: Trace too long: Sieve.som:47:JUMP_IF_GREATER 
yk-tracing: start-side-tracing: Sieve.som:47:JUMP_IF_GREATER 
yk-warning: stop-tracing-aborted: Trace too long: Sieve.som:47:JUMP_IF_GREATER 
yk-tracing: start-side-tracing: Sieve.som:47:JUMP_IF_GREATER 
yk-warning: stop-tracing-aborted: Trace too long: Sieve.som:47:JUMP_IF_GREATER 
yk-tracing: start-side-tracing: Sieve.som:47:PUSH_LOCAL_2    
yk-warning: stop-tracing-aborted: Trace too long: Sieve.som:47:JUMP_IF_GREATER 
yk-tracing: start-side-tracing: Sieve.som:47:PUSH_LOCAL_2    
yk-warning: stop-tracing-aborted: Trace too long: Sieve.som:47:PUSH_LOCAL_2    
yk-tracing: start-side-tracing: Sieve.som:47:JUMP_IF_GREATER 
yk-warning: stop-tracing-aborted: Trace too long: Sieve.som:47:JUMP_IF_GREATER 
yk-tracing: start-side-tracing: Sieve.som:47:JUMP_IF_GREATER 
yk-warning: stop-tracing-aborted: Trace too long: Sieve.som:47:JUMP_IF_GREATER 
yk-tracing: start-side-tracing: Sieve.som:47:PUSH_LOCAL_2    
yk-warning: stop-tracing-aborted: Trace too long: Sieve.som:47:JUMP_IF_GREATER 
yk-tracing: start-side-tracing: Sieve.som:47:PUSH_LOCAL_2    
yk-warning: stop-tracing-aborted: Trace too long: Sieve.som:47:PUSH_LOCAL_2    
yk-tracing: start-side-tracing: Sieve.som:47:JUMP_IF_GREATER 
yk-warning: stop-tracing-aborted: Trace too long: Sieve.som:47:JUMP_IF_GREATER 
yk-tracing: start-side-tracing: Sieve.som:47:PUSH_LOCAL_2    
yk-warning: stop-tracing-aborted: Trace too long: Sieve.som:47:JUMP_IF_GREATER 
yk-tracing: start-side-tracing: Sieve.som:47:PUSH_LOCAL_2    
yk-warning: stop-tracing-aborted: Trace too long: Sieve.som:47:PUSH_LOCAL_2    
yk-tracing: start-side-tracing: Sieve.som:47:JUMP_IF_GREATER 
yk-warning: stop-tracing-aborted: Trace too long: Sieve.som:47:JUMP_IF_GREATER 
yk-tracing: start-side-tracing: Sieve.som:47:PUSH_LOCAL_2    
yk-warning: stop-tracing-aborted: Trace too long: Sieve.som:47:JUMP_IF_GREATER 
yk-tracing: start-side-tracing: Sieve.som:47:PUSH_LOCAL_2    
yk-warning: stop-tracing-aborted: Trace too long: Sieve.som:47:PUSH_LOCAL_2    
yk-tracing: start-side-tracing: Sieve.som:47:JUMP_IF_GREATER 
yk-warning: stop-tracing-aborted: Trace too long: Sieve.som:47:JUMP_IF_GREATER 
