yk-tracing: start-tracing: Storage.som:43:INC_FIELD       
yk-tracing: stop-tracing: Storage.som:43:INC_FIELD       
yk-tracing: start-tracing: Array.som:33:PUSH_ARGUMENT   
yk-tracing: stop-tracing: Storage.som:43:INC_FIELD       
yk-tracing: start-side-tracing: Storage.som:43:INC_FIELD       
yk-tracing: stop-tracing: Array.som:33:PUSH_ARGUMENT   
yk-tracing: start-tracing
yk-tracing: stop-tracing: Storage.som:43:INC_FIELD       
yk-tracing: start-side-tracing: Storage.som:43:INC_FIELD       
yk-tracing: stop-tracing: Array.som:33:PUSH_ARGUMENT   
yk-tracing: start-side-tracing: Storage.som:43:INC_FIELD       
yk-tracing: stop-tracing: Array.som:33:PUSH_ARGUMENT   
yk-tracing: start-side-tracing: Storage.som:43:INC_FIELD       
yk-tracing: stop-tracing: Array.som:33:PUSH_ARGUMENT   
yk-tracing: start-side-tracing: Storage.som:43:INC_FIELD       
yk-tracing: stop-tracing: Array.som:33:PUSH_ARGUMENT   
yk-tracing: start-side-tracing: Storage.som:43:INC_FIELD       
yk-tracing: stop-tracing: Array.som:33:PUSH_ARGUMENT   
yk-tracing: start-side-tracing: Storage.som:43:INC_FIELD       
yk-tracing: stop-tracing: Array.som:33:PUSH_ARGUMENT   
yk-tracing: start-side-tracing: Storage.som:43:INC_FIELD       
yk-tracing: stop-tracing: Benchmark.som:27:JUMP_IF_GREATER 
yk-tracing: start-tracing: Benchmark.som:27:JUMP_IF_GREATER 
yk-tracing: stop-tracing: Storage.som:43:INC_FIELD       
yk-tracing: start-side-tracing: Array.som:33:PUSH_ARGUMENT   
yk-warning: stop-tracing-aborted: Trace too long: Storage.som:43:INC_FIELD       
yk-tracing: start-side-tracing: Storage.som:43:INC_FIELD       
yk-warning: stop-tracing-aborted: Trace too long: Array.som:33:PUSH_ARGUMENT   
yk-tracing: start-side-tracing: Storage.som:43:INC_FIELD       
yk-warning: stop-tracing-aborted: Trace too long: Array.som:33:PUSH_ARGUMENT   
yk-tracing: start-side-tracing: Array.som:33:PUSH_ARGUMENT   
yk-warning: stop-tracing-aborted: Trace too long: Storage.som:43:INC_FIELD       
yk-tracing: start-side-tracing: Storage.som:43:INC_FIELD       
yk-warning: stop-tracing-aborted: Trace too long: Array.som:33:PUSH_ARGUMENT   
yk-tracing: start-side-tracing: Array.som:33:PUSH_ARGUMENT   
yk-warning: stop-tracing-aborted: Trace too long
yk-tracing: start-side-tracing: Storage.som:43:INC_FIELD       
yk-warning: stop-tracing-aborted: Trace too long: Array.som:33:PUSH_ARGUMENT   
yk-tracing: start-side-tracing: Storage.som:43:INC_FIELD       
yk-warning: stop-tracing-aborted: Trace too long: Storage.som:43:INC_FIELD       
yk-tracing: start-side-tracing: Storage.som:43:INC_FIELD       
yk-warning: stop-tracing-aborted: Trace too long: Array.som:32:PUSH_SELF       
yk-tracing: start-side-tracing: Storage.som:43:INC_FIELD       
yk-warning: stop-tracing-aborted: Trace too long: Array.som:33:PUSH_ARGUMENT   
yk-tracing: start-tracing: Array.som:32:PUSH_SELF       
yk-tracing: stop-tracing: Array.som:33:PUSH_ARGUMENT   
yk-tracing: start-side-tracing: Array.som:33:PUSH_ARGUMENT   
yk-warning: stop-tracing-aborted: Trace too long: Storage.som:43:INC_FIELD       
yk-tracing: start-side-tracing: Array.som:33:PUSH_ARGUMENT   
yk-warning: stop-tracing-aborted: Trace too long
yk-tracing: start-side-tracing: Storage.som:43:INC_FIELD       
yk-warning: stop-tracing-aborted: Trace too long: Array.som:33:PUSH_ARGUMENT   
yk-tracing: start-side-tracing: Storage.som:43:INC_FIELD       
yk-warning: stop-tracing-aborted: Trace too long: Array.som:33:PUSH_ARGUMENT   
yk-tracing: start-side-tracing: Storage.som:43:INC_FIELD       
yk-warning: stop-tracing-aborted: Trace too long: Array.som:33:PUSH_ARGUMENT   
yk-tracing: start-side-tracing: Storage.som:43:INC_FIELD       
yk-warning: stop-tracing-aborted: Trace too long: Storage.som:43:INC_FIELD       
yk-tracing: start-side-tracing: Storage.som:43:INC_FIELD       
yk-warning: stop-tracing-aborted: Trace too long: Array.som:33:PUSH_ARGUMENT   
yk-tracing: start-side-tracing: Storage.som:43:INC_FIELD       
yk-warning: stop-tracing-aborted: Trace too long: Array.som:33:PUSH_ARGUMENT   
yk-tracing: start-side-tracing: Array.som:33:PUSH_ARGUMENT   
yk-warning: stop-tracing-aborted: Trace too long
yk-tracing: start-side-tracing: Storage.som:43:INC_FIELD       
yk-warning: stop-tracing-aborted: Trace too long: Array.som:32:PUSH_SELF       
yk-tracing: start-side-tracing: Storage.som:43:INC_FIELD       
yk-warning: stop-tracing-aborted: Trace too long: Array.som:33:PUSH_ARGUMENT   
yk-tracing: start-side-tracing: Storage.som:43:INC_FIELD       
yk-warning: stop-tracing-aborted: Trace too long: Array.som:32:PUSH_SELF       
yk-tracing: start-side-tracing: Storage.som:43:INC_FIELD       
yk-warning: stop-tracing-aborted: Trace too long: Array.som:33:PUSH_ARGUMENT   
yk-tracing: start-side-tracing: Storage.som:43:INC_FIELD       
yk-warning: stop-tracing-aborted: Trace too long: Array.som:33:PUSH_ARGUMENT   
yk-tracing: start-side-tracing: Array.som:33:PUSH_ARGUMENT   
yk-warning: stop-tracing-aborted: Trace too long
yk-tracing: start-side-tracing: Storage.som:43:INC_FIELD       
yk-warning: stop-tracing-aborted: Trace too long: Array.som:33:PUSH_ARGUMENT   
yk-tracing: start-side-tracing: Storage.som:43:INC_FIELD       
yk-warning: stop-tracing-aborted: Trace too long: Storage.som:43:INC_FIELD       
yk-tracing: start-side-tracing: Storage.som:43:INC_FIELD       
yk-warning: stop-tracing-aborted: Trace too long: Array.som:32:PUSH_SELF       
yk-tracing: start-side-tracing: Storage.som:43:INC_FIELD       
yk-warning: stop-tracing-aborted: Trace too long: Array.som:33:PUSH_ARGUMENT   
yk-tracing: start-side-tracing: Array.som:33:PUSH_ARGUMENT   
yk-warning: stop-tracing-aborted: Trace too long: Storage.som:43:INC_FIELD       
yk-tracing: start-side-tracing: Array.som:33:PUSH_ARGUMENT   
yk-warning: stop-tracing-aborted: Trace too long
yk-tracing: start-side-tracing: Storage.som:43:INC_FIELD       
yk-warning: stop-tracing-aborted: Trace too long: Array.som:33:PUSH_ARGUMENT   
yk-tracing: start-side-tracing: Storage.som:43:INC_FIELD       
yk-warning: stop-tracing-aborted: Trace too long: Array.som:33:PUSH_ARGUMENT   
yk-tracing: start-side-tracing: Storage.som:43:INC_FIELD       
yk-warning: stop-tracing-aborted: Trace too long: Array.som:33:PUSH_ARGUMENT   
yk-tracing: start-side-tracing: Storage.som:43:INC_FIELD       
yk-warning: stop-tracing-aborted: Trace too long: Storage.som:43:INC_FIELD       
yk-tracing: start-side-tracing: Storage.som:43:INC_FIELD       
yk-warning: stop-tracing-aborted: Trace too long: Array.som:33:PUSH_ARGUMENT   
yk-tracing: start-side-tracing: Storage.som:43:INC_FIELD       
yk-warning: stop-tracing-aborted: Trace too long: Array.som:33:PUSH_ARGUMENT   
yk-tracing: start-side-tracing: Array.som:33:PUSH_ARGUMENT   
yk-warning: stop-tracing-aborted: Trace too long
yk-tracing: start-side-tracing: Storage.som:43:INC_FIELD       
yk-warning: stop-tracing-aborted: Trace too long: Array.som:32:PUSH_SELF       
yk-tracing: start-side-tracing: Storage.som:43:INC_FIELD       
yk-warning: stop-tracing-aborted: Trace too long: Array.som:33:PUSH_ARGUMENT   
yk-tracing: start-side-tracing: Storage.som:43:INC_FIELD       
yk-warning: stop-tracing-aborted: Trace too long: Array.som:32:PUSH_SELF       
yk-tracing: start-side-tracing: Storage.som:43:INC_FIELD       
yk-warning: stop-tracing-aborted: Trace too long: Array.som:33:PUSH_ARGUMENT   
yk-tracing: start-side-tracing: Storage.som:43:INC_FIELD       
yk-warning: stop-tracing-aborted: Trace too long: Array.som:33:PUSH_ARGUMENT   
yk-tracing: start-side-tracing: Storage.som:43:INC_FIELD       
yk-warning: stop-tracing-aborted: Trace too long: Array.som:33:PUSH_ARGUMENT   
yk-tracing: start-side-tracing: Storage.som:43:INC_FIELD       
yk-warning: stop-tracing-aborted: Trace too long: Storage.som:43:INC_FIELD       
yk-tracing: start-side-tracing: Storage.som:43:INC_FIELD       
yk-warning: stop-tracing-aborted: Trace too long: Array.som:32:PUSH_SELF       
yk-tracing: start-side-tracing: Storage.som:43:INC_FIELD       
yk-warning: stop-tracing-aborted: Trace too long: Array.som:33:PUSH_ARGUMENT   
yk-tracing: start-side-tracing: Array.som:33:PUSH_ARGUMENT   
yk-warning: stop-tracing-aborted: Trace too long: Storage.som:43:INC_FIELD       
yk-tracing: start-side-tracing: Storage.som:43:INC_FIELD       
yk-warning: stop-tracing-aborted: Trace too long: Array.som:33:PUSH_ARGUMENT   
yk-tracing: start-side-tracing: Storage.som:43:INC_FIELD       
yk-warning: stop-tracing-aborted: Trace too long: Array.som:33:PUSH_ARGUMENT   
yk-tracing: start-side-tracing: Storage.som:43:INC_FIELD       
yk-warning: stop-tracing-aborted: Trace too long: Storage.som:43:INC_FIELD       
yk-tracing: start-side-tracing: Storage.som:43:INC_FIELD       
yk-warning: stop-tracing-aborted: Trace too long: Array.som:33:PUSH_ARGUMENT   
yk-tracing: start-side-tracing: Storage.som:43:INC_FIELD       
yk-warning: stop-tracing-aborted: Trace too long: Array.som:32:PUSH_SELF       
yk-tracing: start-side-tracing: Storage.som:43:INC_FIELD       
yk-warning: stop-tracing-aborted: Trace too long: Array.som:33:PUSH_ARGUMENT   
yk-tracing: start-side-tracing: Storage.som:43:INC_FIELD       
yk-warning: stop-tracing-aborted: Trace too long: Array.som:32:PUSH_SELF       
yk-tracing: start-side-tracing: Storage.som:43:INC_FIELD       
yk-warning: stop-tracing-aborted: Trace too long: Array.som:33:PUSH_ARGUMENT   
yk-tracing: start-side-tracing: Array.som:33:PUSH_ARGUMENT   
yk-warning: stop-tracing-aborted: Trace too long: Storage.som:43:INC_FIELD       
yk-tracing: start-side-tracing: Storage.som:43:INC_FIELD       
yk-warning: stop-tracing-aborted: Trace too long: Array.som:33:PUSH_ARGUMENT   
yk-tracing: start-side-tracing: Storage.som:43:INC_FIELD       
yk-warning: stop-tracing-aborted: Trace too long: Array.som:33:PUSH_ARGUMENT   
yk-tracing: start-side-tracing: Storage.som:43:INC_FIELD       
yk-warning: stop-tracing-aborted: Trace too long: Array.som:33:PUSH_ARGUMENT   
yk-tracing: start-side-tracing: Storage.som:43:INC_FIELD       
yk-warning: stop-tracing-aborted: Trace too long: Array.som:32:PUSH_SELF       
yk-tracing: start-side-tracing: Storage.som:43:INC_FIELD       
yk-warning: stop-tracing-aborted: Trace too long: Array.som:33:PUSH_ARGUMENT   
yk-tracing: start-side-tracing: Storage.som:43:INC_FIELD       
yk-warning: stop-tracing-aborted: Trace too long: Array.som:33:PUSH_ARGUMENT   
yk-tracing: start-side-tracing: Storage.som:43:INC_FIELD       
yk-warning: stop-tracing-aborted: Trace too long: Array.som:33:PUSH_ARGUMENT   
yk-tracing: start-side-tracing: Storage.som:43:INC_FIELD       
yk-warning: stop-tracing-aborted: Trace too long: Array.som:33:PUSH_ARGUMENT   
yk-tracing: start-side-tracing: Storage.som:43:INC_FIELD       
yk-warning: stop-tracing-aborted: Trace too long: Array.som:32:PUSH_SELF       
yk-tracing: start-side-tracing: Storage.som:43:INC_FIELD       
yk-warning: stop-tracing-aborted: Trace too long: Array.som:33:PUSH_ARGUMENT   
yk-tracing: start-side-tracing: Storage.som:43:INC_FIELD       
yk-warning: stop-tracing-aborted: Trace too long: Array.som:33:PUSH_ARGUMENT   
yk-tracing: start-side-tracing: Storage.som:43:INC_FIELD       
yk-warning: stop-tracing-aborted: Trace too long: Array.som:33:PUSH_ARGUMENT   
yk-tracing: start-side-tracing: Storage.som:43:INC_FIELD       
yk-warning: stop-tracing-aborted: Trace too long: Array.som:33:PUSH_ARGUMENT   
yk-tracing: start-side-tracing: Storage.som:43:INC_FIELD       
yk-warning: stop-tracing-aborted: Trace too long: Array.som:32:PUSH_SELF       
yk-tracing: start-side-tracing: Storage.som:43:INC_FIELD       
yk-warning: stop-tracing-aborted: Trace too long: Array.som:33:PUSH_ARGUMENT   
